2025-01-15 10:44:30 | INFO | __main__ | Starting DB ingestion process...
2025-01-15 10:46:13 | INFO | __main__ | Starting DB ingestion process...
2025-01-15 10:48:34 | INFO | __main__ | Starting DB ingestion process...
2025-01-15 10:49:32 | INFO | __main__ | Starting DB ingestion process...
2025-01-15 10:49:32 | INFO | __main__ | Ensured 'stocks' and 'stock_prices' tables and indexes exist.
2025-01-15 10:49:32 | INFO | __main__ | Found 100 records with priority=0 from E:\smarket\data-ingestion\data\indices\transformed_stock_list.json
2025-01-15 10:49:33 | INFO | __main__ | Done ingesting stocks into DB from E:\smarket\data-ingestion\data\indices\transformed_stock_list.json
2025-01-15 10:49:33 | WARNING | __main__ | No price file found for symbol=POWERGRID at path=data/stock_prices/powergrid_historical_prices.json
2025-01-15 10:49:33 | WARNING | __main__ | No price file found for symbol=BHEL at path=data/stock_prices/bhel_historical_prices.json
2025-01-15 10:49:33 | WARNING | __main__ | No price file found for symbol=NTPC at path=data/stock_prices/ntpc_historical_prices.json
2025-01-15 10:49:33 | WARNING | __main__ | No price file found for symbol=ADANIGREEN at path=data/stock_prices/adanigreen_historical_prices.json
2025-01-15 10:49:33 | WARNING | __main__ | No price file found for symbol=ZOMATO at path=data/stock_prices/zomato_historical_prices.json
2025-01-15 10:49:33 | WARNING | __main__ | No price file found for symbol=PFC at path=data/stock_prices/pfc_historical_prices.json
2025-01-15 10:49:33 | WARNING | __main__ | No price file found for symbol=NHPC at path=data/stock_prices/nhpc_historical_prices.json
2025-01-15 10:49:33 | WARNING | __main__ | No price file found for symbol=MARUTI at path=data/stock_prices/maruti_historical_prices.json
2025-01-15 10:49:33 | WARNING | __main__ | No price file found for symbol=TATAPOWER at path=data/stock_prices/tatapower_historical_prices.json
2025-01-15 10:49:33 | WARNING | __main__ | No price file found for symbol=JSWENERGY at path=data/stock_prices/jswenergy_historical_prices.json
2025-01-15 10:49:33 | WARNING | __main__ | No price file found for symbol=ADANIPOWER at path=data/stock_prices/adanipower_historical_prices.json
2025-01-15 10:49:33 | WARNING | __main__ | No price file found for symbol=COALINDIA at path=data/stock_prices/coalindia_historical_prices.json
2025-01-15 10:49:33 | WARNING | __main__ | No price file found for symbol=UNIONBANK at path=data/stock_prices/unionbank_historical_prices.json
2025-01-15 10:49:33 | WARNING | __main__ | No price file found for symbol=BAJAJHLDNG at path=data/stock_prices/bajajhldng_historical_prices.json
2025-01-15 10:49:33 | WARNING | __main__ | No price file found for symbol=RECLTD at path=data/stock_prices/recltd_historical_prices.json
2025-01-15 10:49:33 | WARNING | __main__ | No price file found for symbol=KOTAKBANK at path=data/stock_prices/kotakbank_historical_prices.json
2025-01-15 10:49:33 | WARNING | __main__ | No price file found for symbol=DMART at path=data/stock_prices/dmart_historical_prices.json
2025-01-15 10:49:33 | WARNING | __main__ | No price file found for symbol=ADANIENSOL at path=data/stock_prices/adaniensol_historical_prices.json
2025-01-15 10:49:33 | WARNING | __main__ | No price file found for symbol=CANBK at path=data/stock_prices/canbk_historical_prices.json
2025-01-15 10:49:33 | WARNING | __main__ | No price file found for symbol=AMBUJACEM at path=data/stock_prices/ambujacem_historical_prices.json
2025-01-15 10:49:33 | WARNING | __main__ | No price file found for symbol=MOTHERSON at path=data/stock_prices/motherson_historical_prices.json
2025-01-15 10:49:33 | WARNING | __main__ | No price file found for symbol=GAIL at path=data/stock_prices/gail_historical_prices.json
2025-01-15 10:49:33 | WARNING | __main__ | No price file found for symbol=IOC at path=data/stock_prices/ioc_historical_prices.json
2025-01-15 10:49:33 | WARNING | __main__ | No price file found for symbol=TECHM at path=data/stock_prices/techm_historical_prices.json
2025-01-15 10:49:33 | WARNING | __main__ | No price file found for symbol=SBIN at path=data/stock_prices/sbin_historical_prices.json
2025-01-15 10:49:33 | WARNING | __main__ | No price file found for symbol=LT at path=data/stock_prices/lt_historical_prices.json
2025-01-15 10:49:33 | WARNING | __main__ | No price file found for symbol=INDIGO at path=data/stock_prices/indigo_historical_prices.json
2025-01-15 10:49:33 | WARNING | __main__ | No price file found for symbol=ONGC at path=data/stock_prices/ongc_historical_prices.json
2025-01-15 10:49:33 | WARNING | __main__ | No price file found for symbol=DLF at path=data/stock_prices/dlf_historical_prices.json
2025-01-15 10:49:33 | WARNING | __main__ | No price file found for symbol=ULTRACEMCO at path=data/stock_prices/ultracemco_historical_prices.json
2025-01-15 10:49:33 | WARNING | __main__ | No price file found for symbol=IRFC at path=data/stock_prices/irfc_historical_prices.json
2025-01-15 10:49:33 | WARNING | __main__ | No price file found for symbol=ADANIPORTS at path=data/stock_prices/adaniports_historical_prices.json
2025-01-15 10:49:33 | WARNING | __main__ | No price file found for symbol=VEDL at path=data/stock_prices/vedl_historical_prices.json
2025-01-15 10:49:33 | WARNING | __main__ | No price file found for symbol=HDFCBANK at path=data/stock_prices/hdfcbank_historical_prices.json
2025-01-15 10:49:33 | WARNING | __main__ | No price file found for symbol=INFY at path=data/stock_prices/infy_historical_prices.json
2025-01-15 10:49:33 | WARNING | __main__ | No price file found for symbol=BPCL at path=data/stock_prices/bpcl_historical_prices.json
2025-01-15 10:49:33 | WARNING | __main__ | No price file found for symbol=TRENT at path=data/stock_prices/trent_historical_prices.json
2025-01-15 10:49:33 | WARNING | __main__ | No price file found for symbol=HAL at path=data/stock_prices/hal_historical_prices.json
2025-01-15 10:49:33 | WARNING | __main__ | No price file found for symbol=SHREECEM at path=data/stock_prices/shreecem_historical_prices.json
2025-01-15 10:49:33 | WARNING | __main__ | No price file found for symbol=RELIANCE at path=data/stock_prices/reliance_historical_prices.json
2025-01-15 10:49:33 | WARNING | __main__ | No price file found for symbol=JIOFIN at path=data/stock_prices/jiofin_historical_prices.json
2025-01-15 10:49:33 | WARNING | __main__ | No price file found for symbol=PNB at path=data/stock_prices/pnb_historical_prices.json
2025-01-15 10:49:33 | WARNING | __main__ | No price file found for symbol=PIDILITIND at path=data/stock_prices/pidilitind_historical_prices.json
2025-01-15 10:49:33 | WARNING | __main__ | No price file found for symbol=TATASTEEL at path=data/stock_prices/tatasteel_historical_prices.json
2025-01-15 10:49:33 | WARNING | __main__ | No price file found for symbol=IRCTC at path=data/stock_prices/irctc_historical_prices.json
2025-01-15 10:49:33 | WARNING | __main__ | No price file found for symbol=INDUSINDBK at path=data/stock_prices/indusindbk_historical_prices.json
2025-01-15 10:49:33 | WARNING | __main__ | No price file found for symbol=ADANIENT at path=data/stock_prices/adanient_historical_prices.json
2025-01-15 10:49:33 | WARNING | __main__ | No price file found for symbol=JSWSTEEL at path=data/stock_prices/jswsteel_historical_prices.json
2025-01-15 10:49:33 | WARNING | __main__ | No price file found for symbol=TVSMOTOR at path=data/stock_prices/tvsmotor_historical_prices.json
2025-01-15 10:49:33 | WARNING | __main__ | No price file found for symbol=GRASIM at path=data/stock_prices/grasim_historical_prices.json
2025-01-15 10:49:33 | WARNING | __main__ | No price file found for symbol=HINDALCO at path=data/stock_prices/hindalco_historical_prices.json
2025-01-15 10:49:33 | WARNING | __main__ | No price file found for symbol=HCLTECH at path=data/stock_prices/hcltech_historical_prices.json
2025-01-15 10:49:33 | WARNING | __main__ | No price file found for symbol=BHARTIARTL at path=data/stock_prices/bhartiartl_historical_prices.json
2025-01-15 10:49:33 | WARNING | __main__ | No price file found for symbol=SIEMENS at path=data/stock_prices/siemens_historical_prices.json
2025-01-15 10:49:33 | WARNING | __main__ | No price file found for symbol=HEROMOTOCO at path=data/stock_prices/heromotoco_historical_prices.json
2025-01-15 10:49:33 | WARNING | __main__ | No price file found for symbol=ITC at path=data/stock_prices/itc_historical_prices.json
2025-01-15 10:49:33 | WARNING | __main__ | No price file found for symbol=BANKBARODA at path=data/stock_prices/bankbaroda_historical_prices.json
2025-01-15 10:49:33 | WARNING | __main__ | No price file found for symbol=DABUR at path=data/stock_prices/dabur_historical_prices.json
2025-01-15 10:49:33 | WARNING | __main__ | No price file found for symbol=BEL at path=data/stock_prices/bel_historical_prices.json
2025-01-15 10:49:33 | WARNING | __main__ | No price file found for symbol=BAJAJ-AUTO at path=data/stock_prices/bajaj-auto_historical_prices.json
2025-01-15 10:49:33 | WARNING | __main__ | No price file found for symbol=WIPRO at path=data/stock_prices/wipro_historical_prices.json
2025-01-15 10:49:33 | WARNING | __main__ | No price file found for symbol=EICHERMOT at path=data/stock_prices/eichermot_historical_prices.json
2025-01-15 10:49:33 | WARNING | __main__ | No price file found for symbol=LICI at path=data/stock_prices/lici_historical_prices.json
2025-01-15 10:49:33 | WARNING | __main__ | No price file found for symbol=LTIM at path=data/stock_prices/ltim_historical_prices.json
2025-01-15 10:49:33 | WARNING | __main__ | No price file found for symbol=ATGL at path=data/stock_prices/atgl_historical_prices.json
2025-01-15 10:49:33 | WARNING | __main__ | No price file found for symbol=APOLLOHOSP at path=data/stock_prices/apollohosp_historical_prices.json
2025-01-15 10:49:33 | WARNING | __main__ | No price file found for symbol=TCS at path=data/stock_prices/tcs_historical_prices.json
2025-01-15 10:49:33 | WARNING | __main__ | No price file found for symbol=ABB at path=data/stock_prices/abb_historical_prices.json
2025-01-15 10:49:33 | WARNING | __main__ | No price file found for symbol=CIPLA at path=data/stock_prices/cipla_historical_prices.json
2025-01-15 10:49:33 | WARNING | __main__ | No price file found for symbol=JINDALSTEL at path=data/stock_prices/jindalstel_historical_prices.json
2025-01-15 10:49:33 | WARNING | __main__ | No price file found for symbol=ICICIBANK at path=data/stock_prices/icicibank_historical_prices.json
2025-01-15 10:49:33 | WARNING | __main__ | No price file found for symbol=BOSCHLTD at path=data/stock_prices/boschltd_historical_prices.json
2025-01-15 10:49:33 | WARNING | __main__ | No price file found for symbol=HAVELLS at path=data/stock_prices/havells_historical_prices.json
2025-01-15 10:49:33 | WARNING | __main__ | No price file found for symbol=NAUKRI at path=data/stock_prices/naukri_historical_prices.json
2025-01-15 10:49:33 | WARNING | __main__ | No price file found for symbol=CHOLAFIN at path=data/stock_prices/cholafin_historical_prices.json
2025-01-15 10:49:33 | WARNING | __main__ | No price file found for symbol=HINDUNILVR at path=data/stock_prices/hindunilvr_historical_prices.json
2025-01-15 10:49:33 | WARNING | __main__ | No price file found for symbol=VBL at path=data/stock_prices/vbl_historical_prices.json
2025-01-15 10:49:33 | WARNING | __main__ | No price file found for symbol=SUNPHARMA at path=data/stock_prices/sunpharma_historical_prices.json
2025-01-15 10:49:33 | WARNING | __main__ | No price file found for symbol=ICICIGI at path=data/stock_prices/icicigi_historical_prices.json
2025-01-15 10:49:33 | WARNING | __main__ | No price file found for symbol=ASIANPAINT at path=data/stock_prices/asianpaint_historical_prices.json
2025-01-15 10:49:33 | WARNING | __main__ | No price file found for symbol=TATAMOTORS at path=data/stock_prices/tatamotors_historical_prices.json
2025-01-15 10:49:33 | WARNING | __main__ | No price file found for symbol=TITAN at path=data/stock_prices/titan_historical_prices.json
2025-01-15 10:49:33 | WARNING | __main__ | No price file found for symbol=GODREJCP at path=data/stock_prices/godrejcp_historical_prices.json
2025-01-15 10:49:33 | WARNING | __main__ | No price file found for symbol=LODHA at path=data/stock_prices/lodha_historical_prices.json
2025-01-15 10:49:33 | WARNING | __main__ | No price file found for symbol=ICICIPRULI at path=data/stock_prices/icicipruli_historical_prices.json
2025-01-15 10:49:33 | WARNING | __main__ | No price file found for symbol=ZYDUSLIFE at path=data/stock_prices/zyduslife_historical_prices.json
2025-01-15 10:49:33 | WARNING | __main__ | No price file found for symbol=UNITDSPR at path=data/stock_prices/unitdspr_historical_prices.json
2025-01-15 10:49:33 | WARNING | __main__ | No price file found for symbol=M&M at path=data/stock_prices/m&m_historical_prices.json
2025-01-15 10:49:33 | WARNING | __main__ | No price file found for symbol=BRITANNIA at path=data/stock_prices/britannia_historical_prices.json
2025-01-15 10:49:33 | WARNING | __main__ | No price file found for symbol=TORNTPHARM at path=data/stock_prices/torntpharm_historical_prices.json
2025-01-15 10:49:33 | WARNING | __main__ | No price file found for symbol=DRREDDY at path=data/stock_prices/drreddy_historical_prices.json
2025-01-15 10:49:33 | WARNING | __main__ | No price file found for symbol=SBILIFE at path=data/stock_prices/sbilife_historical_prices.json
2025-01-15 10:49:33 | WARNING | __main__ | No price file found for symbol=TATACONSUM at path=data/stock_prices/tataconsum_historical_prices.json
2025-01-15 10:49:33 | WARNING | __main__ | No price file found for symbol=NESTLEIND at path=data/stock_prices/nestleind_historical_prices.json
2025-01-15 10:49:33 | WARNING | __main__ | No price file found for symbol=AXISBANK at path=data/stock_prices/axisbank_historical_prices.json
2025-01-15 10:49:33 | WARNING | __main__ | No price file found for symbol=SHRIRAMFIN at path=data/stock_prices/shriramfin_historical_prices.json
2025-01-15 10:49:33 | WARNING | __main__ | No price file found for symbol=HDFCLIFE at path=data/stock_prices/hdfclife_historical_prices.json
2025-01-15 10:49:33 | WARNING | __main__ | No price file found for symbol=DIVISLAB at path=data/stock_prices/divislab_historical_prices.json
2025-01-15 10:49:33 | WARNING | __main__ | No price file found for symbol=BAJFINANCE at path=data/stock_prices/bajfinance_historical_prices.json
2025-01-15 10:49:33 | WARNING | __main__ | No price file found for symbol=BAJAJFINSV at path=data/stock_prices/bajajfinsv_historical_prices.json
2025-01-15 10:49:33 | INFO | __main__ | DB ingestion complete.
2025-01-15 10:55:47 | INFO | __main__ | Starting DB ingestion process...
2025-01-15 10:55:47 | INFO | __main__ | Ensured 'stocks' and 'stock_prices' tables and indexes exist.
2025-01-15 10:55:47 | INFO | __main__ | Found 100 records with priority=0 from E:\smarket\data-ingestion\data\indices\transformed_stock_list.json
2025-01-15 10:55:48 | INFO | __main__ | Done ingesting stocks into DB from E:\smarket\data-ingestion\data\indices\transformed_stock_list.json
2025-01-15 10:55:48 | INFO | __main__ | Ingesting 705 price rows for symbol=BHEL (stock_id=2).
2025-01-15 10:57:22 | INFO | __main__ | Starting DB ingestion process...
2025-01-15 10:57:22 | INFO | __main__ | Ensured 'stocks' and 'stock_prices' tables and indexes exist.
2025-01-15 10:57:22 | INFO | __main__ | Found 100 records with priority=0 from E:\smarket\data-ingestion\data\indices\transformed_stock_list.json
2025-01-15 10:57:22 | INFO | __main__ | Done ingesting stocks into DB from E:\smarket\data-ingestion\data\indices\transformed_stock_list.json
2025-01-15 10:57:22 | INFO | __main__ | Ingesting 705 price rows for symbol=NTPC (stock_id=3).
2025-01-15 10:58:22 | INFO | __main__ | Starting DB ingestion process...
2025-01-15 10:58:22 | INFO | __main__ | Ensured 'stocks' and 'stock_prices' tables and indexes exist.
2025-01-15 10:58:22 | INFO | __main__ | Found 100 records with priority=0 from E:\smarket\data-ingestion\data\indices\transformed_stock_list.json
2025-01-15 10:58:23 | INFO | __main__ | Done ingesting stocks into DB from E:\smarket\data-ingestion\data\indices\transformed_stock_list.json
2025-01-15 10:58:23 | INFO | __main__ | Ingesting 495 price rows for symbol=ADANIGREEN (stock_id=4).
2025-01-15 10:58:27 | INFO | __main__ | Done ingesting price data for ADANIGREEN from e:\smarket\data-ingestion\scripts\..\data/stock_prices/adanigreen_historical_prices.json
2025-01-15 10:58:27 | INFO | __main__ | Ingesting 285 price rows for symbol=ZOMATO (stock_id=5).
2025-01-15 10:58:29 | INFO | __main__ | Done ingesting price data for ZOMATO from e:\smarket\data-ingestion\scripts\..\data/stock_prices/zomato_historical_prices.json
2025-01-15 10:58:29 | INFO | __main__ | Ingesting 705 price rows for symbol=BHEL (stock_id=2).
2025-01-15 10:58:35 | INFO | __main__ | Done ingesting price data for BHEL from e:\smarket\data-ingestion\scripts\..\data/stock_prices/bhel_historical_prices.json
2025-01-15 10:58:35 | INFO | __main__ | Ingesting 705 price rows for symbol=NTPC (stock_id=3).
2025-01-15 10:58:41 | INFO | __main__ | Done ingesting price data for NTPC from e:\smarket\data-ingestion\scripts\..\data/stock_prices/ntpc_historical_prices.json
2025-01-15 10:58:41 | INFO | __main__ | Ingesting 705 price rows for symbol=TATAPOWER (stock_id=9).
2025-01-15 10:58:47 | INFO | __main__ | Done ingesting price data for TATAPOWER from e:\smarket\data-ingestion\scripts\..\data/stock_prices/tatapower_historical_prices.json
2025-01-15 10:58:47 | INFO | __main__ | Ingesting 705 price rows for symbol=JSWENERGY (stock_id=10).
2025-01-15 10:58:53 | INFO | __main__ | Done ingesting price data for JSWENERGY from e:\smarket\data-ingestion\scripts\..\data/stock_prices/jswenergy_historical_prices.json
2025-01-15 10:58:53 | INFO | __main__ | Ingesting 705 price rows for symbol=NHPC (stock_id=7).
2025-01-15 10:58:59 | INFO | __main__ | Done ingesting price data for NHPC from e:\smarket\data-ingestion\scripts\..\data/stock_prices/nhpc_historical_prices.json
2025-01-15 10:58:59 | INFO | __main__ | Ingesting 705 price rows for symbol=MARUTI (stock_id=8).
2025-01-15 10:59:05 | INFO | __main__ | Done ingesting price data for MARUTI from e:\smarket\data-ingestion\scripts\..\data/stock_prices/maruti_historical_prices.json
2025-01-15 10:59:05 | INFO | __main__ | Ingesting 705 price rows for symbol=BAJAJHLDNG (stock_id=14).
2025-01-15 10:59:11 | INFO | __main__ | Done ingesting price data for BAJAJHLDNG from e:\smarket\data-ingestion\scripts\..\data/stock_prices/bajajhldng_historical_prices.json
2025-01-15 10:59:11 | INFO | __main__ | Ingesting 705 price rows for symbol=RECLTD (stock_id=15).
2025-01-15 10:59:17 | INFO | __main__ | Done ingesting price data for RECLTD from e:\smarket\data-ingestion\scripts\..\data/stock_prices/recltd_historical_prices.json
2025-01-15 10:59:17 | INFO | __main__ | Ingesting 705 price rows for symbol=COALINDIA (stock_id=12).
2025-01-15 10:59:24 | INFO | __main__ | Done ingesting price data for COALINDIA from e:\smarket\data-ingestion\scripts\..\data/stock_prices/coalindia_historical_prices.json
2025-01-15 10:59:24 | INFO | __main__ | Ingesting 705 price rows for symbol=UNIONBANK (stock_id=13).
2025-01-15 10:59:30 | INFO | __main__ | Done ingesting price data for UNIONBANK from e:\smarket\data-ingestion\scripts\..\data/stock_prices/unionbank_historical_prices.json
2025-01-15 10:59:30 | INFO | __main__ | Ingesting 705 price rows for symbol=CANBK (stock_id=19).
2025-01-15 10:59:36 | INFO | __main__ | Done ingesting price data for CANBK from e:\smarket\data-ingestion\scripts\..\data/stock_prices/canbk_historical_prices.json
2025-01-15 10:59:36 | INFO | __main__ | Ingesting 705 price rows for symbol=AMBUJACEM (stock_id=20).
2025-01-15 10:59:42 | INFO | __main__ | Done ingesting price data for AMBUJACEM from e:\smarket\data-ingestion\scripts\..\data/stock_prices/ambujacem_historical_prices.json
2025-01-15 10:59:42 | INFO | __main__ | Ingesting 565 price rows for symbol=DMART (stock_id=17).
2025-01-15 10:59:47 | INFO | __main__ | Done ingesting price data for DMART from e:\smarket\data-ingestion\scripts\..\data/stock_prices/dmart_historical_prices.json
2025-01-15 10:59:47 | INFO | __main__ | Ingesting 705 price rows for symbol=ADANIENSOL (stock_id=18).
2025-01-15 10:59:53 | INFO | __main__ | Done ingesting price data for ADANIENSOL from e:\smarket\data-ingestion\scripts\..\data/stock_prices/adaniensol_historical_prices.json
2025-01-15 10:59:53 | INFO | __main__ | Ingesting 705 price rows for symbol=TECHM (stock_id=24).
2025-01-15 10:59:59 | INFO | __main__ | Done ingesting price data for TECHM from e:\smarket\data-ingestion\scripts\..\data/stock_prices/techm_historical_prices.json
2025-01-15 10:59:59 | INFO | __main__ | Ingesting 707 price rows for symbol=SBIN (stock_id=25).
2025-01-15 11:00:05 | INFO | __main__ | Done ingesting price data for SBIN from e:\smarket\data-ingestion\scripts\..\data/stock_prices/sbin_historical_prices.json
2025-01-15 11:00:05 | INFO | __main__ | Ingesting 705 price rows for symbol=GAIL (stock_id=22).
2025-01-15 11:00:10 | INFO | __main__ | Done ingesting price data for GAIL from e:\smarket\data-ingestion\scripts\..\data/stock_prices/gail_historical_prices.json
2025-01-15 11:00:10 | INFO | __main__ | Ingesting 705 price rows for symbol=IOC (stock_id=23).
2025-01-15 11:00:16 | INFO | __main__ | Done ingesting price data for IOC from e:\smarket\data-ingestion\scripts\..\data/stock_prices/ioc_historical_prices.json
2025-01-15 11:00:16 | INFO | __main__ | Ingesting 705 price rows for symbol=DLF (stock_id=29).
2025-01-15 11:00:22 | INFO | __main__ | Done ingesting price data for DLF from e:\smarket\data-ingestion\scripts\..\data/stock_prices/dlf_historical_prices.json
2025-01-15 11:00:22 | INFO | __main__ | Ingesting 705 price rows for symbol=ULTRACEMCO (stock_id=30).
2025-01-15 11:00:28 | INFO | __main__ | Done ingesting price data for ULTRACEMCO from e:\smarket\data-ingestion\scripts\..\data/stock_prices/ultracemco_historical_prices.json
2025-01-15 11:00:28 | INFO | __main__ | Ingesting 671 price rows for symbol=INDIGO (stock_id=27).
2025-01-15 11:00:34 | INFO | __main__ | Done ingesting price data for INDIGO from e:\smarket\data-ingestion\scripts\..\data/stock_prices/indigo_historical_prices.json
2025-01-15 11:00:34 | INFO | __main__ | Ingesting 705 price rows for symbol=ONGC (stock_id=28).
2025-01-15 11:00:39 | INFO | __main__ | Done ingesting price data for ONGC from e:\smarket\data-ingestion\scripts\..\data/stock_prices/ongc_historical_prices.json
2025-01-15 11:00:39 | INFO | __main__ | Ingesting 705 price rows for symbol=HDFCBANK (stock_id=34).
2025-01-15 11:00:45 | INFO | __main__ | Done ingesting price data for HDFCBANK from e:\smarket\data-ingestion\scripts\..\data/stock_prices/hdfcbank_historical_prices.json
2025-01-15 11:00:45 | INFO | __main__ | Ingesting 705 price rows for symbol=INFY (stock_id=35).
2025-01-15 11:00:51 | INFO | __main__ | Done ingesting price data for INFY from e:\smarket\data-ingestion\scripts\..\data/stock_prices/infy_historical_prices.json
2025-01-15 11:00:51 | INFO | __main__ | Ingesting 705 price rows for symbol=ADANIPORTS (stock_id=32).
2025-01-15 11:00:57 | INFO | __main__ | Done ingesting price data for ADANIPORTS from e:\smarket\data-ingestion\scripts\..\data/stock_prices/adaniports_historical_prices.json
2025-01-15 11:00:57 | INFO | __main__ | Ingesting 705 price rows for symbol=VEDL (stock_id=33).
2025-01-15 11:01:03 | INFO | __main__ | Done ingesting price data for VEDL from e:\smarket\data-ingestion\scripts\..\data/stock_prices/vedl_historical_prices.json
2025-01-15 11:01:03 | INFO | __main__ | Ingesting 705 price rows for symbol=SHREECEM (stock_id=39).
2025-01-15 11:01:08 | INFO | __main__ | Done ingesting price data for SHREECEM from e:\smarket\data-ingestion\scripts\..\data/stock_prices/shreecem_historical_prices.json
2025-01-15 11:01:08 | INFO | __main__ | Ingesting 705 price rows for symbol=RELIANCE (stock_id=40).
2025-01-15 11:01:14 | INFO | __main__ | Done ingesting price data for RELIANCE from e:\smarket\data-ingestion\scripts\..\data/stock_prices/reliance_historical_prices.json
2025-01-15 11:01:14 | INFO | __main__ | Ingesting 705 price rows for symbol=TRENT (stock_id=37).
2025-01-15 11:01:20 | INFO | __main__ | Done ingesting price data for TRENT from e:\smarket\data-ingestion\scripts\..\data/stock_prices/trent_historical_prices.json
2025-01-15 11:01:20 | INFO | __main__ | Ingesting 495 price rows for symbol=HAL (stock_id=38).
2025-01-15 11:01:24 | INFO | __main__ | Done ingesting price data for HAL from e:\smarket\data-ingestion\scripts\..\data/stock_prices/hal_historical_prices.json
2025-01-15 11:01:24 | INFO | __main__ | Ingesting 705 price rows for symbol=TATASTEEL (stock_id=44).
2025-01-15 11:01:30 | INFO | __main__ | Done ingesting price data for TATASTEEL from e:\smarket\data-ingestion\scripts\..\data/stock_prices/tatasteel_historical_prices.json
2025-01-15 11:01:30 | INFO | __main__ | Ingesting 412 price rows for symbol=IRCTC (stock_id=45).
2025-01-15 11:01:33 | INFO | __main__ | Done ingesting price data for IRCTC from e:\smarket\data-ingestion\scripts\..\data/stock_prices/irctc_historical_prices.json
2025-01-15 11:01:34 | INFO | __main__ | Ingesting 705 price rows for symbol=PNB (stock_id=42).
2025-01-15 11:01:39 | INFO | __main__ | Done ingesting price data for PNB from e:\smarket\data-ingestion\scripts\..\data/stock_prices/pnb_historical_prices.json
2025-01-15 11:01:39 | INFO | __main__ | Ingesting 705 price rows for symbol=PIDILITIND (stock_id=43).
2025-01-15 11:01:45 | INFO | __main__ | Done ingesting price data for PIDILITIND from e:\smarket\data-ingestion\scripts\..\data/stock_prices/pidilitind_historical_prices.json
2025-01-15 11:01:45 | INFO | __main__ | Ingesting 705 price rows for symbol=TVSMOTOR (stock_id=49).
2025-01-15 11:01:51 | INFO | __main__ | Done ingesting price data for TVSMOTOR from e:\smarket\data-ingestion\scripts\..\data/stock_prices/tvsmotor_historical_prices.json
2025-01-15 11:01:51 | INFO | __main__ | Ingesting 705 price rows for symbol=GRASIM (stock_id=50).
2025-01-15 11:01:57 | INFO | __main__ | Done ingesting price data for GRASIM from e:\smarket\data-ingestion\scripts\..\data/stock_prices/grasim_historical_prices.json
2025-01-15 11:01:57 | INFO | __main__ | Ingesting 705 price rows for symbol=ADANIENT (stock_id=47).
2025-01-15 11:02:03 | INFO | __main__ | Done ingesting price data for ADANIENT from e:\smarket\data-ingestion\scripts\..\data/stock_prices/adanient_historical_prices.json
2025-01-15 11:02:03 | INFO | __main__ | Ingesting 705 price rows for symbol=JSWSTEEL (stock_id=48).
2025-01-15 11:02:08 | INFO | __main__ | Done ingesting price data for JSWSTEEL from e:\smarket\data-ingestion\scripts\..\data/stock_prices/jswsteel_historical_prices.json
2025-01-15 11:02:08 | INFO | __main__ | Ingesting 705 price rows for symbol=SIEMENS (stock_id=54).
2025-01-15 11:02:14 | INFO | __main__ | Done ingesting price data for SIEMENS from e:\smarket\data-ingestion\scripts\..\data/stock_prices/siemens_historical_prices.json
2025-01-15 11:02:14 | INFO | __main__ | Ingesting 705 price rows for symbol=HEROMOTOCO (stock_id=55).
2025-01-15 11:02:20 | INFO | __main__ | Done ingesting price data for HEROMOTOCO from e:\smarket\data-ingestion\scripts\..\data/stock_prices/heromotoco_historical_prices.json
2025-01-15 11:02:20 | INFO | __main__ | Ingesting 705 price rows for symbol=HCLTECH (stock_id=52).
2025-01-15 11:02:26 | INFO | __main__ | Done ingesting price data for HCLTECH from e:\smarket\data-ingestion\scripts\..\data/stock_prices/hcltech_historical_prices.json
2025-01-15 11:02:26 | INFO | __main__ | Ingesting 705 price rows for symbol=BHARTIARTL (stock_id=53).
2025-01-15 11:02:32 | INFO | __main__ | Done ingesting price data for BHARTIARTL from e:\smarket\data-ingestion\scripts\..\data/stock_prices/bhartiartl_historical_prices.json
2025-01-15 11:02:32 | INFO | __main__ | Ingesting 705 price rows for symbol=BEL (stock_id=59).
2025-01-15 11:02:38 | INFO | __main__ | Done ingesting price data for BEL from e:\smarket\data-ingestion\scripts\..\data/stock_prices/bel_historical_prices.json
2025-01-15 11:02:38 | INFO | __main__ | Ingesting 705 price rows for symbol=BAJAJ-AUTO (stock_id=60).
2025-01-15 11:02:43 | INFO | __main__ | Done ingesting price data for BAJAJ-AUTO from e:\smarket\data-ingestion\scripts\..\data/stock_prices/bajaj-auto_historical_prices.json
2025-01-15 11:02:43 | INFO | __main__ | Ingesting 705 price rows for symbol=BANKBARODA (stock_id=57).
2025-01-15 11:02:49 | INFO | __main__ | Done ingesting price data for BANKBARODA from e:\smarket\data-ingestion\scripts\..\data/stock_prices/bankbaroda_historical_prices.json
2025-01-15 11:02:49 | INFO | __main__ | Ingesting 705 price rows for symbol=DABUR (stock_id=58).
2025-01-15 11:02:55 | INFO | __main__ | Done ingesting price data for DABUR from e:\smarket\data-ingestion\scripts\..\data/stock_prices/dabur_historical_prices.json
2025-01-15 11:02:55 | INFO | __main__ | Ingesting 635 price rows for symbol=LTIM (stock_id=64).
2025-01-15 11:03:00 | INFO | __main__ | Done ingesting price data for LTIM from e:\smarket\data-ingestion\scripts\..\data/stock_prices/ltim_historical_prices.json
2025-01-15 11:03:00 | INFO | __main__ | Ingesting 466 price rows for symbol=ATGL (stock_id=65).
2025-01-15 11:03:04 | INFO | __main__ | Done ingesting price data for ATGL from e:\smarket\data-ingestion\scripts\..\data/stock_prices/atgl_historical_prices.json
2025-01-15 11:03:04 | INFO | __main__ | Ingesting 705 price rows for symbol=EICHERMOT (stock_id=62).
2025-01-15 11:03:10 | INFO | __main__ | Done ingesting price data for EICHERMOT from e:\smarket\data-ingestion\scripts\..\data/stock_prices/eichermot_historical_prices.json
2025-01-15 11:03:10 | INFO | __main__ | Ingesting 215 price rows for symbol=LICI (stock_id=63).
2025-01-15 11:03:12 | INFO | __main__ | Done ingesting price data for LICI from e:\smarket\data-ingestion\scripts\..\data/stock_prices/lici_historical_prices.json
2025-01-15 11:03:12 | INFO | __main__ | Ingesting 705 price rows for symbol=CIPLA (stock_id=69).
2025-01-15 11:03:18 | INFO | __main__ | Done ingesting price data for CIPLA from e:\smarket\data-ingestion\scripts\..\data/stock_prices/cipla_historical_prices.json
2025-01-15 11:03:18 | INFO | __main__ | Ingesting 705 price rows for symbol=JINDALSTEL (stock_id=70).
2025-01-15 11:03:23 | INFO | __main__ | Done ingesting price data for JINDALSTEL from e:\smarket\data-ingestion\scripts\..\data/stock_prices/jindalstel_historical_prices.json
2025-01-15 11:03:23 | INFO | __main__ | Ingesting 705 price rows for symbol=TCS (stock_id=67).
2025-01-15 11:03:29 | INFO | __main__ | Done ingesting price data for TCS from e:\smarket\data-ingestion\scripts\..\data/stock_prices/tcs_historical_prices.json
2025-01-15 11:03:29 | INFO | __main__ | Ingesting 705 price rows for symbol=ABB (stock_id=68).
2025-01-15 11:03:35 | INFO | __main__ | Done ingesting price data for ABB from e:\smarket\data-ingestion\scripts\..\data/stock_prices/abb_historical_prices.json
2025-01-15 11:03:35 | INFO | __main__ | Ingesting 705 price rows for symbol=NAUKRI (stock_id=74).
2025-01-15 11:03:41 | INFO | __main__ | Done ingesting price data for NAUKRI from e:\smarket\data-ingestion\scripts\..\data/stock_prices/naukri_historical_prices.json
2025-01-15 11:03:41 | INFO | __main__ | Ingesting 705 price rows for symbol=CHOLAFIN (stock_id=75).
2025-01-15 11:03:47 | INFO | __main__ | Done ingesting price data for CHOLAFIN from e:\smarket\data-ingestion\scripts\..\data/stock_prices/cholafin_historical_prices.json
2025-01-15 11:03:47 | INFO | __main__ | Ingesting 705 price rows for symbol=BOSCHLTD (stock_id=72).
2025-01-15 11:03:52 | INFO | __main__ | Done ingesting price data for BOSCHLTD from e:\smarket\data-ingestion\scripts\..\data/stock_prices/boschltd_historical_prices.json
2025-01-15 11:03:52 | INFO | __main__ | Ingesting 705 price rows for symbol=HAVELLS (stock_id=73).
2025-01-15 11:03:58 | INFO | __main__ | Done ingesting price data for HAVELLS from e:\smarket\data-ingestion\scripts\..\data/stock_prices/havells_historical_prices.json
2025-01-15 11:03:58 | INFO | __main__ | Ingesting 562 price rows for symbol=ICICIGI (stock_id=79).
2025-01-15 11:04:03 | INFO | __main__ | Done ingesting price data for ICICIGI from e:\smarket\data-ingestion\scripts\..\data/stock_prices/icicigi_historical_prices.json
2025-01-15 11:04:03 | INFO | __main__ | Ingesting 705 price rows for symbol=ASIANPAINT (stock_id=80).
2025-01-15 11:04:10 | INFO | __main__ | Done ingesting price data for ASIANPAINT from e:\smarket\data-ingestion\scripts\..\data/stock_prices/asianpaint_historical_prices.json
2025-01-15 11:04:10 | INFO | __main__ | Ingesting 603 price rows for symbol=VBL (stock_id=77).
2025-01-15 11:04:16 | INFO | __main__ | Done ingesting price data for VBL from e:\smarket\data-ingestion\scripts\..\data/stock_prices/vbl_historical_prices.json
2025-01-15 11:04:16 | INFO | __main__ | Ingesting 705 price rows for symbol=SUNPHARMA (stock_id=78).
2025-01-15 11:04:23 | INFO | __main__ | Done ingesting price data for SUNPHARMA from e:\smarket\data-ingestion\scripts\..\data/stock_prices/sunpharma_historical_prices.json
2025-01-15 11:04:23 | INFO | __main__ | Ingesting 285 price rows for symbol=LODHA (stock_id=84).
2025-01-15 11:04:26 | INFO | __main__ | Done ingesting price data for LODHA from e:\smarket\data-ingestion\scripts\..\data/stock_prices/lodha_historical_prices.json
2025-01-15 11:04:26 | INFO | __main__ | Ingesting 629 price rows for symbol=ICICIPRULI (stock_id=85).
2025-01-15 11:04:32 | INFO | __main__ | Done ingesting price data for ICICIPRULI from e:\smarket\data-ingestion\scripts\..\data/stock_prices/icicipruli_historical_prices.json
2025-01-15 11:04:32 | INFO | __main__ | Ingesting 705 price rows for symbol=TITAN (stock_id=82).
2025-01-15 11:04:39 | INFO | __main__ | Done ingesting price data for TITAN from e:\smarket\data-ingestion\scripts\..\data/stock_prices/titan_historical_prices.json
2025-01-15 11:04:39 | INFO | __main__ | Ingesting 705 price rows for symbol=GODREJCP (stock_id=83).
2025-01-15 11:04:47 | INFO | __main__ | Done ingesting price data for GODREJCP from e:\smarket\data-ingestion\scripts\..\data/stock_prices/godrejcp_historical_prices.json
2025-01-15 11:04:47 | INFO | __main__ | Ingesting 705 price rows for symbol=BRITANNIA (stock_id=89).
2025-01-15 11:04:54 | INFO | __main__ | Done ingesting price data for BRITANNIA from e:\smarket\data-ingestion\scripts\..\data/stock_prices/britannia_historical_prices.json
2025-01-15 11:04:54 | INFO | __main__ | Ingesting 705 price rows for symbol=TORNTPHARM (stock_id=90).
2025-01-15 11:05:01 | INFO | __main__ | Done ingesting price data for TORNTPHARM from e:\smarket\data-ingestion\scripts\..\data/stock_prices/torntpharm_historical_prices.json
2025-01-15 11:05:01 | INFO | __main__ | Ingesting 705 price rows for symbol=UNITDSPR (stock_id=87).
2025-01-15 11:05:08 | INFO | __main__ | Done ingesting price data for UNITDSPR from e:\smarket\data-ingestion\scripts\..\data/stock_prices/unitdspr_historical_prices.json
2025-01-15 11:05:08 | INFO | __main__ | Ingesting 0 price rows for symbol=M&M (stock_id=88).
2025-01-15 11:05:08 | INFO | __main__ | Done ingesting price data for M&M from e:\smarket\data-ingestion\scripts\..\data/stock_prices/m&m_historical_prices.json
2025-01-15 11:05:08 | INFO | __main__ | Ingesting 705 price rows for symbol=NESTLEIND (stock_id=94).
2025-01-15 11:05:14 | INFO | __main__ | Done ingesting price data for NESTLEIND from e:\smarket\data-ingestion\scripts\..\data/stock_prices/nestleind_historical_prices.json
2025-01-15 11:05:14 | INFO | __main__ | Ingesting 705 price rows for symbol=AXISBANK (stock_id=95).
2025-01-15 11:05:20 | INFO | __main__ | Done ingesting price data for AXISBANK from e:\smarket\data-ingestion\scripts\..\data/stock_prices/axisbank_historical_prices.json
2025-01-15 11:05:20 | INFO | __main__ | Ingesting 559 price rows for symbol=SBILIFE (stock_id=92).
2025-01-15 11:05:25 | INFO | __main__ | Done ingesting price data for SBILIFE from e:\smarket\data-ingestion\scripts\..\data/stock_prices/sbilife_historical_prices.json
2025-01-15 11:05:25 | INFO | __main__ | Ingesting 705 price rows for symbol=TATACONSUM (stock_id=93).
2025-01-15 11:05:31 | INFO | __main__ | Done ingesting price data for TATACONSUM from e:\smarket\data-ingestion\scripts\..\data/stock_prices/tataconsum_historical_prices.json
2025-01-15 11:05:31 | INFO | __main__ | Ingesting 705 price rows for symbol=BAJFINANCE (stock_id=99).
2025-01-15 11:05:38 | INFO | __main__ | Done ingesting price data for BAJFINANCE from e:\smarket\data-ingestion\scripts\..\data/stock_prices/bajfinance_historical_prices.json
2025-01-15 11:05:38 | INFO | __main__ | Ingesting 527 price rows for symbol=HDFCLIFE (stock_id=97).
2025-01-15 11:05:43 | INFO | __main__ | Done ingesting price data for HDFCLIFE from e:\smarket\data-ingestion\scripts\..\data/stock_prices/hdfclife_historical_prices.json
2025-01-15 11:05:43 | INFO | __main__ | Ingesting 705 price rows for symbol=DIVISLAB (stock_id=98).
2025-01-15 11:05:49 | INFO | __main__ | Done ingesting price data for DIVISLAB from e:\smarket\data-ingestion\scripts\..\data/stock_prices/divislab_historical_prices.json
2025-01-15 11:05:49 | INFO | __main__ | Ingesting 705 price rows for symbol=PFC (stock_id=6).
2025-01-15 11:05:55 | INFO | __main__ | Done ingesting price data for PFC from e:\smarket\data-ingestion\scripts\..\data/stock_prices/pfc_historical_prices.json
2025-01-15 11:05:55 | INFO | __main__ | Ingesting 705 price rows for symbol=ADANIPOWER (stock_id=11).
2025-01-15 11:06:01 | INFO | __main__ | Done ingesting price data for ADANIPOWER from e:\smarket\data-ingestion\scripts\..\data/stock_prices/adanipower_historical_prices.json
2025-01-15 11:06:01 | INFO | __main__ | Ingesting 705 price rows for symbol=KOTAKBANK (stock_id=16).
2025-01-15 11:06:07 | INFO | __main__ | Done ingesting price data for KOTAKBANK from e:\smarket\data-ingestion\scripts\..\data/stock_prices/kotakbank_historical_prices.json
2025-01-15 11:06:07 | INFO | __main__ | Ingesting 707 price rows for symbol=POWERGRID (stock_id=1).
2025-01-15 11:06:14 | INFO | __main__ | Done ingesting price data for POWERGRID from e:\smarket\data-ingestion\scripts\..\data/stock_prices/powergrid_historical_prices.json
2025-01-15 11:06:14 | INFO | __main__ | Ingesting 705 price rows for symbol=IRFC (stock_id=31).
2025-01-15 11:06:20 | INFO | __main__ | Done ingesting price data for IRFC from e:\smarket\data-ingestion\scripts\..\data/stock_prices/irfc_historical_prices.json
2025-01-15 11:06:20 | INFO | __main__ | Ingesting 705 price rows for symbol=BPCL (stock_id=36).
2025-01-15 11:06:26 | INFO | __main__ | Done ingesting price data for BPCL from e:\smarket\data-ingestion\scripts\..\data/stock_prices/bpcl_historical_prices.json
2025-01-15 11:06:26 | INFO | __main__ | Ingesting 145 price rows for symbol=JIOFIN (stock_id=41).
2025-01-15 11:06:28 | INFO | __main__ | Done ingesting price data for JIOFIN from e:\smarket\data-ingestion\scripts\..\data/stock_prices/jiofin_historical_prices.json
2025-01-15 11:06:28 | INFO | __main__ | Ingesting 705 price rows for symbol=LT (stock_id=26).
2025-01-15 11:06:34 | INFO | __main__ | Done ingesting price data for LT from e:\smarket\data-ingestion\scripts\..\data/stock_prices/lt_historical_prices.json
2025-01-15 11:06:34 | INFO | __main__ | Ingesting 705 price rows for symbol=ITC (stock_id=56).
2025-01-15 11:06:41 | INFO | __main__ | Done ingesting price data for ITC from e:\smarket\data-ingestion\scripts\..\data/stock_prices/itc_historical_prices.json
2025-01-15 11:06:41 | INFO | __main__ | Ingesting 705 price rows for symbol=WIPRO (stock_id=61).
2025-01-15 11:06:48 | INFO | __main__ | Done ingesting price data for WIPRO from e:\smarket\data-ingestion\scripts\..\data/stock_prices/wipro_historical_prices.json
2025-01-15 11:06:48 | INFO | __main__ | Ingesting 705 price rows for symbol=APOLLOHOSP (stock_id=66).
2025-01-15 11:06:54 | INFO | __main__ | Done ingesting price data for APOLLOHOSP from e:\smarket\data-ingestion\scripts\..\data/stock_prices/apollohosp_historical_prices.json
2025-01-15 11:06:54 | INFO | __main__ | Ingesting 705 price rows for symbol=HINDALCO (stock_id=51).
2025-01-15 11:07:00 | INFO | __main__ | Done ingesting price data for HINDALCO from e:\smarket\data-ingestion\scripts\..\data/stock_prices/hindalco_historical_prices.json
2025-01-15 11:07:00 | INFO | __main__ | Ingesting 705 price rows for symbol=TATAMOTORS (stock_id=81).
2025-01-15 11:07:06 | INFO | __main__ | Done ingesting price data for TATAMOTORS from e:\smarket\data-ingestion\scripts\..\data/stock_prices/tatamotors_historical_prices.json
2025-01-15 11:07:06 | INFO | __main__ | Ingesting 705 price rows for symbol=ZYDUSLIFE (stock_id=86).
2025-01-15 11:07:13 | INFO | __main__ | Done ingesting price data for ZYDUSLIFE from e:\smarket\data-ingestion\scripts\..\data/stock_prices/zyduslife_historical_prices.json
2025-01-15 11:07:13 | INFO | __main__ | Ingesting 705 price rows for symbol=DRREDDY (stock_id=91).
2025-01-15 11:07:19 | INFO | __main__ | Done ingesting price data for DRREDDY from e:\smarket\data-ingestion\scripts\..\data/stock_prices/drreddy_historical_prices.json
2025-01-15 11:07:19 | INFO | __main__ | Ingesting 705 price rows for symbol=HINDUNILVR (stock_id=76).
2025-01-15 11:07:27 | INFO | __main__ | Done ingesting price data for HINDUNILVR from e:\smarket\data-ingestion\scripts\..\data/stock_prices/hindunilvr_historical_prices.json
2025-01-15 11:07:27 | INFO | __main__ | Ingesting 705 price rows for symbol=MOTHERSON (stock_id=21).
2025-01-15 11:07:34 | INFO | __main__ | Done ingesting price data for MOTHERSON from e:\smarket\data-ingestion\scripts\..\data/stock_prices/motherson_historical_prices.json
2025-01-15 11:07:34 | INFO | __main__ | Ingesting 705 price rows for symbol=INDUSINDBK (stock_id=46).
2025-01-15 11:07:41 | INFO | __main__ | Done ingesting price data for INDUSINDBK from e:\smarket\data-ingestion\scripts\..\data/stock_prices/indusindbk_historical_prices.json
2025-01-15 11:07:41 | INFO | __main__ | Ingesting 705 price rows for symbol=BAJAJFINSV (stock_id=100).
2025-01-15 11:07:48 | INFO | __main__ | Done ingesting price data for BAJAJFINSV from e:\smarket\data-ingestion\scripts\..\data/stock_prices/bajajfinsv_historical_prices.json
2025-01-15 11:07:48 | INFO | __main__ | Ingesting 705 price rows for symbol=ICICIBANK (stock_id=71).
2025-01-15 11:07:56 | INFO | __main__ | Done ingesting price data for ICICIBANK from e:\smarket\data-ingestion\scripts\..\data/stock_prices/icicibank_historical_prices.json
2025-01-15 11:07:56 | INFO | __main__ | Ingesting 705 price rows for symbol=SHRIRAMFIN (stock_id=96).
2025-01-15 11:08:02 | INFO | __main__ | Done ingesting price data for SHRIRAMFIN from e:\smarket\data-ingestion\scripts\..\data/stock_prices/shriramfin_historical_prices.json
2025-01-15 11:08:02 | INFO | __main__ | DB ingestion complete.
2025-01-15 11:12:01 | INFO | __main__ | Starting DB ingestion process...
2025-01-15 11:12:01 | INFO | __main__ | Ensured 'stocks' and 'stock_prices' tables and indexes exist.
2025-01-15 11:12:01 | INFO | __main__ | Found 100 records with priority=0 from E:\smarket\data-ingestion\data\indices\transformed_stock_list.json
2025-01-15 11:12:02 | INFO | __main__ | Done ingesting stocks into DB from E:\smarket\data-ingestion\data\indices\transformed_stock_list.json
2025-01-15 11:12:37 | INFO | __main__ | Starting DB ingestion process...
2025-01-15 11:12:37 | INFO | __main__ | Ensured 'stocks' and 'stock_prices' tables and indexes exist.
2025-01-15 11:12:37 | INFO | __main__ | Found 100 records with priority=0 from E:\smarket\data-ingestion\data\indices\transformed_stock_list.json
2025-01-15 11:12:38 | INFO | __main__ | Done ingesting stocks into DB from E:\smarket\data-ingestion\data\indices\transformed_stock_list.json
2025-01-15 11:12:38 | INFO | __main__ | Ingesting 705 price rows for symbol=BHEL (stock_id=2) from file=e:/smarket/data-ingestion/scripts/../data/stock_prices/bhel_historical_prices.json.
2025-01-15 11:12:45 | INFO | __main__ | Done ingesting price data for BHEL from file=e:/smarket/data-ingestion/scripts/../data/stock_prices/bhel_historical_prices.json.
2025-01-15 11:12:45 | INFO | __main__ | Ingesting 705 price rows for symbol=NTPC (stock_id=3) from file=e:/smarket/data-ingestion/scripts/../data/stock_prices/ntpc_historical_prices.json.
2025-01-15 11:12:51 | INFO | __main__ | Done ingesting price data for NTPC from file=e:/smarket/data-ingestion/scripts/../data/stock_prices/ntpc_historical_prices.json.
2025-01-15 11:12:51 | INFO | __main__ | Ingesting 495 price rows for symbol=ADANIGREEN (stock_id=4) from file=e:/smarket/data-ingestion/scripts/../data/stock_prices/adanigreen_historical_prices.json.
2025-01-15 11:12:56 | INFO | __main__ | Done ingesting price data for ADANIGREEN from file=e:/smarket/data-ingestion/scripts/../data/stock_prices/adanigreen_historical_prices.json.
2025-01-15 11:12:56 | INFO | __main__ | Ingesting 285 price rows for symbol=ZOMATO (stock_id=5) from file=e:/smarket/data-ingestion/scripts/../data/stock_prices/zomato_historical_prices.json.
2025-01-15 11:12:59 | INFO | __main__ | Done ingesting price data for ZOMATO from file=e:/smarket/data-ingestion/scripts/../data/stock_prices/zomato_historical_prices.json.
2025-01-15 11:12:59 | INFO | __main__ | Ingesting 705 price rows for symbol=NHPC (stock_id=7) from file=e:/smarket/data-ingestion/scripts/../data/stock_prices/nhpc_historical_prices.json.
2025-01-15 11:13:07 | INFO | __main__ | Done ingesting price data for NHPC from file=e:/smarket/data-ingestion/scripts/../data/stock_prices/nhpc_historical_prices.json.
2025-01-15 11:13:07 | INFO | __main__ | Ingesting 705 price rows for symbol=MARUTI (stock_id=8) from file=e:/smarket/data-ingestion/scripts/../data/stock_prices/maruti_historical_prices.json.
2025-01-15 11:13:14 | INFO | __main__ | Done ingesting price data for MARUTI from file=e:/smarket/data-ingestion/scripts/../data/stock_prices/maruti_historical_prices.json.
2025-01-15 11:13:14 | INFO | __main__ | Ingesting 705 price rows for symbol=TATAPOWER (stock_id=9) from file=e:/smarket/data-ingestion/scripts/../data/stock_prices/tatapower_historical_prices.json.
2025-01-15 11:13:21 | INFO | __main__ | Done ingesting price data for TATAPOWER from file=e:/smarket/data-ingestion/scripts/../data/stock_prices/tatapower_historical_prices.json.
2025-01-15 11:13:21 | INFO | __main__ | Ingesting 705 price rows for symbol=JSWENERGY (stock_id=10) from file=e:/smarket/data-ingestion/scripts/../data/stock_prices/jswenergy_historical_prices.json.
2025-01-15 11:13:28 | INFO | __main__ | Done ingesting price data for JSWENERGY from file=e:/smarket/data-ingestion/scripts/../data/stock_prices/jswenergy_historical_prices.json.
2025-01-15 11:13:28 | INFO | __main__ | Ingesting 705 price rows for symbol=COALINDIA (stock_id=12) from file=e:/smarket/data-ingestion/scripts/../data/stock_prices/coalindia_historical_prices.json.
2025-01-15 11:13:34 | INFO | __main__ | Done ingesting price data for COALINDIA from file=e:/smarket/data-ingestion/scripts/../data/stock_prices/coalindia_historical_prices.json.
2025-01-15 11:13:34 | INFO | __main__ | Ingesting 705 price rows for symbol=UNIONBANK (stock_id=13) from file=e:/smarket/data-ingestion/scripts/../data/stock_prices/unionbank_historical_prices.json.
2025-01-15 11:13:42 | INFO | __main__ | Done ingesting price data for UNIONBANK from file=e:/smarket/data-ingestion/scripts/../data/stock_prices/unionbank_historical_prices.json.
2025-01-15 11:13:42 | INFO | __main__ | Ingesting 705 price rows for symbol=BAJAJHLDNG (stock_id=14) from file=e:/smarket/data-ingestion/scripts/../data/stock_prices/bajajhldng_historical_prices.json.
2025-01-15 11:13:50 | INFO | __main__ | Done ingesting price data for BAJAJHLDNG from file=e:/smarket/data-ingestion/scripts/../data/stock_prices/bajajhldng_historical_prices.json.
2025-01-15 11:13:50 | INFO | __main__ | Ingesting 705 price rows for symbol=RECLTD (stock_id=15) from file=e:/smarket/data-ingestion/scripts/../data/stock_prices/recltd_historical_prices.json.
2025-01-15 11:13:57 | INFO | __main__ | Done ingesting price data for RECLTD from file=e:/smarket/data-ingestion/scripts/../data/stock_prices/recltd_historical_prices.json.
2025-01-15 11:13:57 | INFO | __main__ | Ingesting 565 price rows for symbol=DMART (stock_id=17) from file=e:/smarket/data-ingestion/scripts/../data/stock_prices/dmart_historical_prices.json.
2025-01-15 11:14:03 | INFO | __main__ | Done ingesting price data for DMART from file=e:/smarket/data-ingestion/scripts/../data/stock_prices/dmart_historical_prices.json.
2025-01-15 11:14:03 | INFO | __main__ | Ingesting 705 price rows for symbol=ADANIENSOL (stock_id=18) from file=e:/smarket/data-ingestion/scripts/../data/stock_prices/adaniensol_historical_prices.json.
2025-01-15 11:14:10 | INFO | __main__ | Done ingesting price data for ADANIENSOL from file=e:/smarket/data-ingestion/scripts/../data/stock_prices/adaniensol_historical_prices.json.
2025-01-15 11:14:10 | INFO | __main__ | Ingesting 705 price rows for symbol=CANBK (stock_id=19) from file=e:/smarket/data-ingestion/scripts/../data/stock_prices/canbk_historical_prices.json.
2025-01-15 11:14:17 | INFO | __main__ | Done ingesting price data for CANBK from file=e:/smarket/data-ingestion/scripts/../data/stock_prices/canbk_historical_prices.json.
2025-01-15 11:14:17 | INFO | __main__ | Ingesting 705 price rows for symbol=AMBUJACEM (stock_id=20) from file=e:/smarket/data-ingestion/scripts/../data/stock_prices/ambujacem_historical_prices.json.
2025-01-15 11:14:24 | INFO | __main__ | Done ingesting price data for AMBUJACEM from file=e:/smarket/data-ingestion/scripts/../data/stock_prices/ambujacem_historical_prices.json.
2025-01-15 11:14:24 | INFO | __main__ | Ingesting 705 price rows for symbol=GAIL (stock_id=22) from file=e:/smarket/data-ingestion/scripts/../data/stock_prices/gail_historical_prices.json.
2025-01-15 11:14:31 | INFO | __main__ | Done ingesting price data for GAIL from file=e:/smarket/data-ingestion/scripts/../data/stock_prices/gail_historical_prices.json.
2025-01-15 11:14:31 | INFO | __main__ | Ingesting 705 price rows for symbol=IOC (stock_id=23) from file=e:/smarket/data-ingestion/scripts/../data/stock_prices/ioc_historical_prices.json.
2025-01-15 11:14:39 | INFO | __main__ | Done ingesting price data for IOC from file=e:/smarket/data-ingestion/scripts/../data/stock_prices/ioc_historical_prices.json.
2025-01-15 11:14:39 | INFO | __main__ | Ingesting 705 price rows for symbol=TECHM (stock_id=24) from file=e:/smarket/data-ingestion/scripts/../data/stock_prices/techm_historical_prices.json.
2025-01-15 11:14:46 | INFO | __main__ | Done ingesting price data for TECHM from file=e:/smarket/data-ingestion/scripts/../data/stock_prices/techm_historical_prices.json.
2025-01-15 11:14:46 | INFO | __main__ | Ingesting 707 price rows for symbol=SBIN (stock_id=25) from file=e:/smarket/data-ingestion/scripts/../data/stock_prices/sbin_historical_prices.json.
2025-01-15 11:14:52 | INFO | __main__ | Done ingesting price data for SBIN from file=e:/smarket/data-ingestion/scripts/../data/stock_prices/sbin_historical_prices.json.
2025-01-15 11:14:52 | INFO | __main__ | Ingesting 671 price rows for symbol=INDIGO (stock_id=27) from file=e:/smarket/data-ingestion/scripts/../data/stock_prices/indigo_historical_prices.json.
2025-01-15 11:14:58 | INFO | __main__ | Done ingesting price data for INDIGO from file=e:/smarket/data-ingestion/scripts/../data/stock_prices/indigo_historical_prices.json.
2025-01-15 11:14:58 | INFO | __main__ | Ingesting 705 price rows for symbol=ONGC (stock_id=28) from file=e:/smarket/data-ingestion/scripts/../data/stock_prices/ongc_historical_prices.json.
2025-01-15 11:15:05 | INFO | __main__ | Done ingesting price data for ONGC from file=e:/smarket/data-ingestion/scripts/../data/stock_prices/ongc_historical_prices.json.
2025-01-15 11:15:05 | INFO | __main__ | Ingesting 705 price rows for symbol=DLF (stock_id=29) from file=e:/smarket/data-ingestion/scripts/../data/stock_prices/dlf_historical_prices.json.
2025-01-15 11:15:13 | INFO | __main__ | Done ingesting price data for DLF from file=e:/smarket/data-ingestion/scripts/../data/stock_prices/dlf_historical_prices.json.
2025-01-15 11:15:13 | INFO | __main__ | Ingesting 705 price rows for symbol=ULTRACEMCO (stock_id=30) from file=e:/smarket/data-ingestion/scripts/../data/stock_prices/ultracemco_historical_prices.json.
2025-01-15 11:15:20 | INFO | __main__ | Done ingesting price data for ULTRACEMCO from file=e:/smarket/data-ingestion/scripts/../data/stock_prices/ultracemco_historical_prices.json.
2025-01-15 11:15:20 | INFO | __main__ | Ingesting 705 price rows for symbol=ADANIPORTS (stock_id=32) from file=e:/smarket/data-ingestion/scripts/../data/stock_prices/adaniports_historical_prices.json.
2025-01-15 11:15:26 | INFO | __main__ | Done ingesting price data for ADANIPORTS from file=e:/smarket/data-ingestion/scripts/../data/stock_prices/adaniports_historical_prices.json.
2025-01-15 11:15:26 | INFO | __main__ | Ingesting 705 price rows for symbol=VEDL (stock_id=33) from file=e:/smarket/data-ingestion/scripts/../data/stock_prices/vedl_historical_prices.json.
2025-01-15 11:15:34 | INFO | __main__ | Done ingesting price data for VEDL from file=e:/smarket/data-ingestion/scripts/../data/stock_prices/vedl_historical_prices.json.
2025-01-15 11:15:34 | INFO | __main__ | Ingesting 705 price rows for symbol=HDFCBANK (stock_id=34) from file=e:/smarket/data-ingestion/scripts/../data/stock_prices/hdfcbank_historical_prices.json.
2025-01-15 11:15:40 | INFO | __main__ | Done ingesting price data for HDFCBANK from file=e:/smarket/data-ingestion/scripts/../data/stock_prices/hdfcbank_historical_prices.json.
2025-01-15 11:15:40 | INFO | __main__ | Ingesting 705 price rows for symbol=INFY (stock_id=35) from file=e:/smarket/data-ingestion/scripts/../data/stock_prices/infy_historical_prices.json.
2025-01-15 11:15:48 | INFO | __main__ | Done ingesting price data for INFY from file=e:/smarket/data-ingestion/scripts/../data/stock_prices/infy_historical_prices.json.
2025-01-15 11:15:48 | INFO | __main__ | Ingesting 705 price rows for symbol=TRENT (stock_id=37) from file=e:/smarket/data-ingestion/scripts/../data/stock_prices/trent_historical_prices.json.
2025-01-15 11:15:56 | INFO | __main__ | Done ingesting price data for TRENT from file=e:/smarket/data-ingestion/scripts/../data/stock_prices/trent_historical_prices.json.
2025-01-15 11:15:56 | INFO | __main__ | Ingesting 495 price rows for symbol=HAL (stock_id=38) from file=e:/smarket/data-ingestion/scripts/../data/stock_prices/hal_historical_prices.json.
2025-01-15 11:16:01 | INFO | __main__ | Done ingesting price data for HAL from file=e:/smarket/data-ingestion/scripts/../data/stock_prices/hal_historical_prices.json.
2025-01-15 11:16:01 | INFO | __main__ | Ingesting 705 price rows for symbol=SHREECEM (stock_id=39) from file=e:/smarket/data-ingestion/scripts/../data/stock_prices/shreecem_historical_prices.json.
2025-01-15 11:16:08 | INFO | __main__ | Done ingesting price data for SHREECEM from file=e:/smarket/data-ingestion/scripts/../data/stock_prices/shreecem_historical_prices.json.
2025-01-15 11:16:08 | INFO | __main__ | Ingesting 705 price rows for symbol=RELIANCE (stock_id=40) from file=e:/smarket/data-ingestion/scripts/../data/stock_prices/reliance_historical_prices.json.
2025-01-15 11:16:15 | INFO | __main__ | Done ingesting price data for RELIANCE from file=e:/smarket/data-ingestion/scripts/../data/stock_prices/reliance_historical_prices.json.
2025-01-15 11:16:15 | INFO | __main__ | Ingesting 705 price rows for symbol=PNB (stock_id=42) from file=e:/smarket/data-ingestion/scripts/../data/stock_prices/pnb_historical_prices.json.
2025-01-15 11:16:22 | INFO | __main__ | Done ingesting price data for PNB from file=e:/smarket/data-ingestion/scripts/../data/stock_prices/pnb_historical_prices.json.
2025-01-15 11:16:22 | INFO | __main__ | Ingesting 705 price rows for symbol=PIDILITIND (stock_id=43) from file=e:/smarket/data-ingestion/scripts/../data/stock_prices/pidilitind_historical_prices.json.
2025-01-15 11:16:30 | INFO | __main__ | Done ingesting price data for PIDILITIND from file=e:/smarket/data-ingestion/scripts/../data/stock_prices/pidilitind_historical_prices.json.
2025-01-15 11:16:30 | INFO | __main__ | Ingesting 705 price rows for symbol=TATASTEEL (stock_id=44) from file=e:/smarket/data-ingestion/scripts/../data/stock_prices/tatasteel_historical_prices.json.
2025-01-15 11:16:37 | INFO | __main__ | Done ingesting price data for TATASTEEL from file=e:/smarket/data-ingestion/scripts/../data/stock_prices/tatasteel_historical_prices.json.
2025-01-15 11:16:37 | INFO | __main__ | Ingesting 412 price rows for symbol=IRCTC (stock_id=45) from file=e:/smarket/data-ingestion/scripts/../data/stock_prices/irctc_historical_prices.json.
2025-01-15 11:16:42 | INFO | __main__ | Done ingesting price data for IRCTC from file=e:/smarket/data-ingestion/scripts/../data/stock_prices/irctc_historical_prices.json.
2025-01-15 11:16:42 | INFO | __main__ | Ingesting 705 price rows for symbol=ADANIENT (stock_id=47) from file=e:/smarket/data-ingestion/scripts/../data/stock_prices/adanient_historical_prices.json.
2025-01-15 11:16:49 | INFO | __main__ | Done ingesting price data for ADANIENT from file=e:/smarket/data-ingestion/scripts/../data/stock_prices/adanient_historical_prices.json.
2025-01-15 11:16:49 | INFO | __main__ | Ingesting 705 price rows for symbol=JSWSTEEL (stock_id=48) from file=e:/smarket/data-ingestion/scripts/../data/stock_prices/jswsteel_historical_prices.json.
2025-01-15 11:16:56 | INFO | __main__ | Done ingesting price data for JSWSTEEL from file=e:/smarket/data-ingestion/scripts/../data/stock_prices/jswsteel_historical_prices.json.
2025-01-15 11:16:56 | INFO | __main__ | Ingesting 705 price rows for symbol=TVSMOTOR (stock_id=49) from file=e:/smarket/data-ingestion/scripts/../data/stock_prices/tvsmotor_historical_prices.json.
2025-01-15 11:17:01 | INFO | __main__ | Done ingesting price data for TVSMOTOR from file=e:/smarket/data-ingestion/scripts/../data/stock_prices/tvsmotor_historical_prices.json.
2025-01-15 11:17:02 | INFO | __main__ | Ingesting 705 price rows for symbol=GRASIM (stock_id=50) from file=e:/smarket/data-ingestion/scripts/../data/stock_prices/grasim_historical_prices.json.
2025-01-15 11:17:07 | INFO | __main__ | Done ingesting price data for GRASIM from file=e:/smarket/data-ingestion/scripts/../data/stock_prices/grasim_historical_prices.json.
2025-01-15 11:17:07 | INFO | __main__ | Ingesting 705 price rows for symbol=HCLTECH (stock_id=52) from file=e:/smarket/data-ingestion/scripts/../data/stock_prices/hcltech_historical_prices.json.
2025-01-15 11:17:13 | INFO | __main__ | Done ingesting price data for HCLTECH from file=e:/smarket/data-ingestion/scripts/../data/stock_prices/hcltech_historical_prices.json.
2025-01-15 11:17:13 | INFO | __main__ | Ingesting 705 price rows for symbol=BHARTIARTL (stock_id=53) from file=e:/smarket/data-ingestion/scripts/../data/stock_prices/bhartiartl_historical_prices.json.
2025-01-15 11:17:18 | INFO | __main__ | Done ingesting price data for BHARTIARTL from file=e:/smarket/data-ingestion/scripts/../data/stock_prices/bhartiartl_historical_prices.json.
2025-01-15 11:17:18 | INFO | __main__ | Ingesting 705 price rows for symbol=SIEMENS (stock_id=54) from file=e:/smarket/data-ingestion/scripts/../data/stock_prices/siemens_historical_prices.json.
2025-01-15 11:17:25 | INFO | __main__ | Done ingesting price data for SIEMENS from file=e:/smarket/data-ingestion/scripts/../data/stock_prices/siemens_historical_prices.json.
2025-01-15 11:17:25 | INFO | __main__ | Ingesting 705 price rows for symbol=HEROMOTOCO (stock_id=55) from file=e:/smarket/data-ingestion/scripts/../data/stock_prices/heromotoco_historical_prices.json.
2025-01-15 11:17:31 | INFO | __main__ | Done ingesting price data for HEROMOTOCO from file=e:/smarket/data-ingestion/scripts/../data/stock_prices/heromotoco_historical_prices.json.
2025-01-15 11:17:31 | INFO | __main__ | Ingesting 705 price rows for symbol=BANKBARODA (stock_id=57) from file=e:/smarket/data-ingestion/scripts/../data/stock_prices/bankbaroda_historical_prices.json.
2025-01-15 11:17:36 | INFO | __main__ | Done ingesting price data for BANKBARODA from file=e:/smarket/data-ingestion/scripts/../data/stock_prices/bankbaroda_historical_prices.json.
2025-01-15 11:17:36 | INFO | __main__ | Ingesting 705 price rows for symbol=DABUR (stock_id=58) from file=e:/smarket/data-ingestion/scripts/../data/stock_prices/dabur_historical_prices.json.
2025-01-15 11:17:42 | INFO | __main__ | Done ingesting price data for DABUR from file=e:/smarket/data-ingestion/scripts/../data/stock_prices/dabur_historical_prices.json.
2025-01-15 11:17:42 | INFO | __main__ | Ingesting 705 price rows for symbol=BEL (stock_id=59) from file=e:/smarket/data-ingestion/scripts/../data/stock_prices/bel_historical_prices.json.
2025-01-15 11:17:48 | INFO | __main__ | Done ingesting price data for BEL from file=e:/smarket/data-ingestion/scripts/../data/stock_prices/bel_historical_prices.json.
2025-01-15 11:17:48 | INFO | __main__ | Ingesting 705 price rows for symbol=BAJAJ-AUTO (stock_id=60) from file=e:/smarket/data-ingestion/scripts/../data/stock_prices/bajaj-auto_historical_prices.json.
2025-01-15 11:17:53 | INFO | __main__ | Done ingesting price data for BAJAJ-AUTO from file=e:/smarket/data-ingestion/scripts/../data/stock_prices/bajaj-auto_historical_prices.json.
2025-01-15 11:17:53 | INFO | __main__ | Ingesting 705 price rows for symbol=EICHERMOT (stock_id=62) from file=e:/smarket/data-ingestion/scripts/../data/stock_prices/eichermot_historical_prices.json.
2025-01-15 11:17:59 | INFO | __main__ | Done ingesting price data for EICHERMOT from file=e:/smarket/data-ingestion/scripts/../data/stock_prices/eichermot_historical_prices.json.
2025-01-15 11:17:59 | INFO | __main__ | Ingesting 215 price rows for symbol=LICI (stock_id=63) from file=e:/smarket/data-ingestion/scripts/../data/stock_prices/lici_historical_prices.json.
2025-01-15 11:18:01 | INFO | __main__ | Done ingesting price data for LICI from file=e:/smarket/data-ingestion/scripts/../data/stock_prices/lici_historical_prices.json.
2025-01-15 11:18:01 | INFO | __main__ | Ingesting 635 price rows for symbol=LTIM (stock_id=64) from file=e:/smarket/data-ingestion/scripts/../data/stock_prices/ltim_historical_prices.json.
2025-01-15 11:18:06 | INFO | __main__ | Done ingesting price data for LTIM from file=e:/smarket/data-ingestion/scripts/../data/stock_prices/ltim_historical_prices.json.
2025-01-15 11:18:06 | INFO | __main__ | Ingesting 466 price rows for symbol=ATGL (stock_id=65) from file=e:/smarket/data-ingestion/scripts/../data/stock_prices/atgl_historical_prices.json.
2025-01-15 11:18:11 | INFO | __main__ | Done ingesting price data for ATGL from file=e:/smarket/data-ingestion/scripts/../data/stock_prices/atgl_historical_prices.json.
2025-01-15 11:18:11 | INFO | __main__ | Ingesting 705 price rows for symbol=TCS (stock_id=67) from file=e:/smarket/data-ingestion/scripts/../data/stock_prices/tcs_historical_prices.json.
2025-01-15 11:18:17 | INFO | __main__ | Done ingesting price data for TCS from file=e:/smarket/data-ingestion/scripts/../data/stock_prices/tcs_historical_prices.json.
2025-01-15 11:18:17 | INFO | __main__ | Ingesting 705 price rows for symbol=ABB (stock_id=68) from file=e:/smarket/data-ingestion/scripts/../data/stock_prices/abb_historical_prices.json.
2025-01-15 11:18:25 | INFO | __main__ | Done ingesting price data for ABB from file=e:/smarket/data-ingestion/scripts/../data/stock_prices/abb_historical_prices.json.
2025-01-15 11:18:25 | INFO | __main__ | Ingesting 705 price rows for symbol=CIPLA (stock_id=69) from file=e:/smarket/data-ingestion/scripts/../data/stock_prices/cipla_historical_prices.json.
2025-01-15 11:18:33 | INFO | __main__ | Done ingesting price data for CIPLA from file=e:/smarket/data-ingestion/scripts/../data/stock_prices/cipla_historical_prices.json.
2025-01-15 11:18:33 | INFO | __main__ | Ingesting 705 price rows for symbol=JINDALSTEL (stock_id=70) from file=e:/smarket/data-ingestion/scripts/../data/stock_prices/jindalstel_historical_prices.json.
2025-01-15 11:18:39 | INFO | __main__ | Done ingesting price data for JINDALSTEL from file=e:/smarket/data-ingestion/scripts/../data/stock_prices/jindalstel_historical_prices.json.
2025-01-15 11:18:39 | INFO | __main__ | Ingesting 705 price rows for symbol=BOSCHLTD (stock_id=72) from file=e:/smarket/data-ingestion/scripts/../data/stock_prices/boschltd_historical_prices.json.
2025-01-15 11:18:44 | INFO | __main__ | Done ingesting price data for BOSCHLTD from file=e:/smarket/data-ingestion/scripts/../data/stock_prices/boschltd_historical_prices.json.
2025-01-15 11:18:44 | INFO | __main__ | Ingesting 705 price rows for symbol=HAVELLS (stock_id=73) from file=e:/smarket/data-ingestion/scripts/../data/stock_prices/havells_historical_prices.json.
2025-01-15 11:18:50 | INFO | __main__ | Done ingesting price data for HAVELLS from file=e:/smarket/data-ingestion/scripts/../data/stock_prices/havells_historical_prices.json.
2025-01-15 11:18:50 | INFO | __main__ | Ingesting 705 price rows for symbol=NAUKRI (stock_id=74) from file=e:/smarket/data-ingestion/scripts/../data/stock_prices/naukri_historical_prices.json.
2025-01-15 11:18:57 | INFO | __main__ | Done ingesting price data for NAUKRI from file=e:/smarket/data-ingestion/scripts/../data/stock_prices/naukri_historical_prices.json.
2025-01-15 11:18:57 | INFO | __main__ | Ingesting 705 price rows for symbol=CHOLAFIN (stock_id=75) from file=e:/smarket/data-ingestion/scripts/../data/stock_prices/cholafin_historical_prices.json.
2025-01-15 11:19:04 | INFO | __main__ | Done ingesting price data for CHOLAFIN from file=e:/smarket/data-ingestion/scripts/../data/stock_prices/cholafin_historical_prices.json.
2025-01-15 11:19:04 | INFO | __main__ | Ingesting 603 price rows for symbol=VBL (stock_id=77) from file=e:/smarket/data-ingestion/scripts/../data/stock_prices/vbl_historical_prices.json.
2025-01-15 11:19:09 | INFO | __main__ | Done ingesting price data for VBL from file=e:/smarket/data-ingestion/scripts/../data/stock_prices/vbl_historical_prices.json.
2025-01-15 11:19:09 | INFO | __main__ | Ingesting 705 price rows for symbol=SUNPHARMA (stock_id=78) from file=e:/smarket/data-ingestion/scripts/../data/stock_prices/sunpharma_historical_prices.json.
2025-01-15 11:19:15 | INFO | __main__ | Done ingesting price data for SUNPHARMA from file=e:/smarket/data-ingestion/scripts/../data/stock_prices/sunpharma_historical_prices.json.
2025-01-15 11:19:15 | INFO | __main__ | Ingesting 562 price rows for symbol=ICICIGI (stock_id=79) from file=e:/smarket/data-ingestion/scripts/../data/stock_prices/icicigi_historical_prices.json.
2025-01-15 11:19:19 | INFO | __main__ | Done ingesting price data for ICICIGI from file=e:/smarket/data-ingestion/scripts/../data/stock_prices/icicigi_historical_prices.json.
2025-01-15 11:19:19 | INFO | __main__ | Ingesting 705 price rows for symbol=ASIANPAINT (stock_id=80) from file=e:/smarket/data-ingestion/scripts/../data/stock_prices/asianpaint_historical_prices.json.
2025-01-15 11:19:25 | INFO | __main__ | Done ingesting price data for ASIANPAINT from file=e:/smarket/data-ingestion/scripts/../data/stock_prices/asianpaint_historical_prices.json.
2025-01-15 11:19:25 | INFO | __main__ | Ingesting 705 price rows for symbol=TITAN (stock_id=82) from file=e:/smarket/data-ingestion/scripts/../data/stock_prices/titan_historical_prices.json.
2025-01-15 11:19:31 | INFO | __main__ | Done ingesting price data for TITAN from file=e:/smarket/data-ingestion/scripts/../data/stock_prices/titan_historical_prices.json.
2025-01-15 11:19:31 | INFO | __main__ | Ingesting 705 price rows for symbol=GODREJCP (stock_id=83) from file=e:/smarket/data-ingestion/scripts/../data/stock_prices/godrejcp_historical_prices.json.
2025-01-15 11:19:36 | INFO | __main__ | Done ingesting price data for GODREJCP from file=e:/smarket/data-ingestion/scripts/../data/stock_prices/godrejcp_historical_prices.json.
2025-01-15 11:19:36 | INFO | __main__ | Ingesting 285 price rows for symbol=LODHA (stock_id=84) from file=e:/smarket/data-ingestion/scripts/../data/stock_prices/lodha_historical_prices.json.
2025-01-15 11:19:39 | INFO | __main__ | Done ingesting price data for LODHA from file=e:/smarket/data-ingestion/scripts/../data/stock_prices/lodha_historical_prices.json.
2025-01-15 11:19:39 | INFO | __main__ | Ingesting 629 price rows for symbol=ICICIPRULI (stock_id=85) from file=e:/smarket/data-ingestion/scripts/../data/stock_prices/icicipruli_historical_prices.json.
2025-01-15 11:19:44 | INFO | __main__ | Done ingesting price data for ICICIPRULI from file=e:/smarket/data-ingestion/scripts/../data/stock_prices/icicipruli_historical_prices.json.
2025-01-15 11:19:44 | INFO | __main__ | Ingesting 705 price rows for symbol=UNITDSPR (stock_id=87) from file=e:/smarket/data-ingestion/scripts/../data/stock_prices/unitdspr_historical_prices.json.
2025-01-15 11:19:50 | INFO | __main__ | Done ingesting price data for UNITDSPR from file=e:/smarket/data-ingestion/scripts/../data/stock_prices/unitdspr_historical_prices.json.
2025-01-15 11:19:50 | INFO | __main__ | Ingesting 0 price rows for symbol=M&M (stock_id=88) from file=e:/smarket/data-ingestion/scripts/../data/stock_prices/m&m_historical_prices.json.
2025-01-15 11:19:50 | INFO | __main__ | Done ingesting price data for M&M from file=e:/smarket/data-ingestion/scripts/../data/stock_prices/m&m_historical_prices.json.
2025-01-15 11:19:50 | INFO | __main__ | Ingesting 705 price rows for symbol=BRITANNIA (stock_id=89) from file=e:/smarket/data-ingestion/scripts/../data/stock_prices/britannia_historical_prices.json.
2025-01-15 11:20:00 | INFO | __main__ | Done ingesting price data for BRITANNIA from file=e:/smarket/data-ingestion/scripts/../data/stock_prices/britannia_historical_prices.json.
2025-01-15 11:20:00 | INFO | __main__ | Ingesting 705 price rows for symbol=TORNTPHARM (stock_id=90) from file=e:/smarket/data-ingestion/scripts/../data/stock_prices/torntpharm_historical_prices.json.
2025-01-15 11:20:07 | INFO | __main__ | Done ingesting price data for TORNTPHARM from file=e:/smarket/data-ingestion/scripts/../data/stock_prices/torntpharm_historical_prices.json.
2025-01-15 11:20:07 | INFO | __main__ | Ingesting 559 price rows for symbol=SBILIFE (stock_id=92) from file=e:/smarket/data-ingestion/scripts/../data/stock_prices/sbilife_historical_prices.json.
2025-01-15 11:20:11 | INFO | __main__ | Done ingesting price data for SBILIFE from file=e:/smarket/data-ingestion/scripts/../data/stock_prices/sbilife_historical_prices.json.
2025-01-15 11:20:11 | INFO | __main__ | Ingesting 705 price rows for symbol=TATACONSUM (stock_id=93) from file=e:/smarket/data-ingestion/scripts/../data/stock_prices/tataconsum_historical_prices.json.
2025-01-15 11:20:17 | INFO | __main__ | Done ingesting price data for TATACONSUM from file=e:/smarket/data-ingestion/scripts/../data/stock_prices/tataconsum_historical_prices.json.
2025-01-15 11:20:17 | INFO | __main__ | Ingesting 705 price rows for symbol=NESTLEIND (stock_id=94) from file=e:/smarket/data-ingestion/scripts/../data/stock_prices/nestleind_historical_prices.json.
2025-01-15 11:20:23 | INFO | __main__ | Done ingesting price data for NESTLEIND from file=e:/smarket/data-ingestion/scripts/../data/stock_prices/nestleind_historical_prices.json.
2025-01-15 11:20:23 | INFO | __main__ | Ingesting 705 price rows for symbol=AXISBANK (stock_id=95) from file=e:/smarket/data-ingestion/scripts/../data/stock_prices/axisbank_historical_prices.json.
2025-01-15 11:20:29 | INFO | __main__ | Done ingesting price data for AXISBANK from file=e:/smarket/data-ingestion/scripts/../data/stock_prices/axisbank_historical_prices.json.
2025-01-15 11:20:29 | INFO | __main__ | Ingesting 527 price rows for symbol=HDFCLIFE (stock_id=97) from file=e:/smarket/data-ingestion/scripts/../data/stock_prices/hdfclife_historical_prices.json.
2025-01-15 11:20:33 | INFO | __main__ | Done ingesting price data for HDFCLIFE from file=e:/smarket/data-ingestion/scripts/../data/stock_prices/hdfclife_historical_prices.json.
2025-01-15 11:20:33 | INFO | __main__ | Ingesting 705 price rows for symbol=BAJFINANCE (stock_id=99) from file=e:/smarket/data-ingestion/scripts/../data/stock_prices/bajfinance_historical_prices.json.
2025-01-15 11:20:39 | INFO | __main__ | Done ingesting price data for BAJFINANCE from file=e:/smarket/data-ingestion/scripts/../data/stock_prices/bajfinance_historical_prices.json.
2025-01-15 11:20:39 | INFO | __main__ | Ingesting 705 price rows for symbol=DIVISLAB (stock_id=98) from file=e:/smarket/data-ingestion/scripts/../data/stock_prices/divislab_historical_prices.json.
2025-01-15 11:20:45 | INFO | __main__ | Done ingesting price data for DIVISLAB from file=e:/smarket/data-ingestion/scripts/../data/stock_prices/divislab_historical_prices.json.
2025-01-15 11:20:45 | INFO | __main__ | Ingesting 705 price rows for symbol=KOTAKBANK (stock_id=16) from file=e:/smarket/data-ingestion/scripts/../data/stock_prices/kotakbank_historical_prices.json.
2025-01-15 11:20:51 | INFO | __main__ | Done ingesting price data for KOTAKBANK from file=e:/smarket/data-ingestion/scripts/../data/stock_prices/kotakbank_historical_prices.json.
2025-01-15 11:20:51 | INFO | __main__ | Ingesting 707 price rows for symbol=POWERGRID (stock_id=1) from file=e:/smarket/data-ingestion/scripts/../data/stock_prices/powergrid_historical_prices.json.
2025-01-15 11:20:57 | INFO | __main__ | Done ingesting price data for POWERGRID from file=e:/smarket/data-ingestion/scripts/../data/stock_prices/powergrid_historical_prices.json.
2025-01-15 11:20:57 | INFO | __main__ | Ingesting 705 price rows for symbol=PFC (stock_id=6) from file=e:/smarket/data-ingestion/scripts/../data/stock_prices/pfc_historical_prices.json.
2025-01-15 11:21:02 | INFO | __main__ | Done ingesting price data for PFC from file=e:/smarket/data-ingestion/scripts/../data/stock_prices/pfc_historical_prices.json.
2025-01-15 11:21:02 | INFO | __main__ | Ingesting 705 price rows for symbol=ADANIPOWER (stock_id=11) from file=e:/smarket/data-ingestion/scripts/../data/stock_prices/adanipower_historical_prices.json.
2025-01-15 11:21:08 | INFO | __main__ | Done ingesting price data for ADANIPOWER from file=e:/smarket/data-ingestion/scripts/../data/stock_prices/adanipower_historical_prices.json.
2025-01-15 11:21:08 | INFO | __main__ | Ingesting 145 price rows for symbol=JIOFIN (stock_id=41) from file=e:/smarket/data-ingestion/scripts/../data/stock_prices/jiofin_historical_prices.json.
2025-01-15 11:21:09 | INFO | __main__ | Done ingesting price data for JIOFIN from file=e:/smarket/data-ingestion/scripts/../data/stock_prices/jiofin_historical_prices.json.
2025-01-15 11:21:09 | INFO | __main__ | Ingesting 705 price rows for symbol=LT (stock_id=26) from file=e:/smarket/data-ingestion/scripts/../data/stock_prices/lt_historical_prices.json.
2025-01-15 11:21:15 | INFO | __main__ | Done ingesting price data for LT from file=e:/smarket/data-ingestion/scripts/../data/stock_prices/lt_historical_prices.json.
2025-01-15 11:21:15 | INFO | __main__ | Ingesting 705 price rows for symbol=IRFC (stock_id=31) from file=e:/smarket/data-ingestion/scripts/../data/stock_prices/irfc_historical_prices.json.
2025-01-15 11:21:20 | INFO | __main__ | Done ingesting price data for IRFC from file=e:/smarket/data-ingestion/scripts/../data/stock_prices/irfc_historical_prices.json.
2025-01-15 11:21:20 | INFO | __main__ | Ingesting 705 price rows for symbol=BPCL (stock_id=36) from file=e:/smarket/data-ingestion/scripts/../data/stock_prices/bpcl_historical_prices.json.
2025-01-15 11:21:27 | INFO | __main__ | Done ingesting price data for BPCL from file=e:/smarket/data-ingestion/scripts/../data/stock_prices/bpcl_historical_prices.json.
2025-01-15 11:21:27 | INFO | __main__ | Ingesting 705 price rows for symbol=APOLLOHOSP (stock_id=66) from file=e:/smarket/data-ingestion/scripts/../data/stock_prices/apollohosp_historical_prices.json.
2025-01-15 11:21:32 | INFO | __main__ | Done ingesting price data for APOLLOHOSP from file=e:/smarket/data-ingestion/scripts/../data/stock_prices/apollohosp_historical_prices.json.
2025-01-15 11:21:33 | INFO | __main__ | Ingesting 705 price rows for symbol=HINDALCO (stock_id=51) from file=e:/smarket/data-ingestion/scripts/../data/stock_prices/hindalco_historical_prices.json.
2025-01-15 11:21:42 | INFO | __main__ | Done ingesting price data for HINDALCO from file=e:/smarket/data-ingestion/scripts/../data/stock_prices/hindalco_historical_prices.json.
2025-01-15 11:21:42 | INFO | __main__ | Ingesting 705 price rows for symbol=ITC (stock_id=56) from file=e:/smarket/data-ingestion/scripts/../data/stock_prices/itc_historical_prices.json.
2025-01-15 11:21:49 | INFO | __main__ | Done ingesting price data for ITC from file=e:/smarket/data-ingestion/scripts/../data/stock_prices/itc_historical_prices.json.
2025-01-15 11:21:49 | INFO | __main__ | Ingesting 705 price rows for symbol=WIPRO (stock_id=61) from file=e:/smarket/data-ingestion/scripts/../data/stock_prices/wipro_historical_prices.json.
2025-01-15 11:21:55 | INFO | __main__ | Done ingesting price data for WIPRO from file=e:/smarket/data-ingestion/scripts/../data/stock_prices/wipro_historical_prices.json.
2025-01-15 11:21:55 | INFO | __main__ | Ingesting 705 price rows for symbol=DRREDDY (stock_id=91) from file=e:/smarket/data-ingestion/scripts/../data/stock_prices/drreddy_historical_prices.json.
2025-01-15 11:22:01 | INFO | __main__ | Done ingesting price data for DRREDDY from file=e:/smarket/data-ingestion/scripts/../data/stock_prices/drreddy_historical_prices.json.
2025-01-15 11:22:01 | INFO | __main__ | Ingesting 705 price rows for symbol=HINDUNILVR (stock_id=76) from file=e:/smarket/data-ingestion/scripts/../data/stock_prices/hindunilvr_historical_prices.json.
2025-01-15 11:22:07 | INFO | __main__ | Done ingesting price data for HINDUNILVR from file=e:/smarket/data-ingestion/scripts/../data/stock_prices/hindunilvr_historical_prices.json.
2025-01-15 11:22:07 | INFO | __main__ | Ingesting 705 price rows for symbol=TATAMOTORS (stock_id=81) from file=e:/smarket/data-ingestion/scripts/../data/stock_prices/tatamotors_historical_prices.json.
2025-01-15 11:22:13 | INFO | __main__ | Done ingesting price data for TATAMOTORS from file=e:/smarket/data-ingestion/scripts/../data/stock_prices/tatamotors_historical_prices.json.
2025-01-15 11:22:13 | INFO | __main__ | Ingesting 705 price rows for symbol=ZYDUSLIFE (stock_id=86) from file=e:/smarket/data-ingestion/scripts/../data/stock_prices/zyduslife_historical_prices.json.
2025-01-15 11:22:19 | INFO | __main__ | Done ingesting price data for ZYDUSLIFE from file=e:/smarket/data-ingestion/scripts/../data/stock_prices/zyduslife_historical_prices.json.
2025-01-15 11:22:19 | INFO | __main__ | Ingesting 705 price rows for symbol=INDUSINDBK (stock_id=46) from file=e:/smarket/data-ingestion/scripts/../data/stock_prices/indusindbk_historical_prices.json.
2025-01-15 11:22:24 | INFO | __main__ | Done ingesting price data for INDUSINDBK from file=e:/smarket/data-ingestion/scripts/../data/stock_prices/indusindbk_historical_prices.json.
2025-01-15 11:22:24 | INFO | __main__ | Ingesting 705 price rows for symbol=MOTHERSON (stock_id=21) from file=e:/smarket/data-ingestion/scripts/../data/stock_prices/motherson_historical_prices.json.
2025-01-15 11:22:30 | INFO | __main__ | Done ingesting price data for MOTHERSON from file=e:/smarket/data-ingestion/scripts/../data/stock_prices/motherson_historical_prices.json.
2025-01-15 11:22:30 | INFO | __main__ | Ingesting 705 price rows for symbol=BAJAJFINSV (stock_id=100) from file=e:/smarket/data-ingestion/scripts/../data/stock_prices/bajajfinsv_historical_prices.json.
2025-01-15 11:22:36 | INFO | __main__ | Done ingesting price data for BAJAJFINSV from file=e:/smarket/data-ingestion/scripts/../data/stock_prices/bajajfinsv_historical_prices.json.
2025-01-15 11:22:36 | INFO | __main__ | Ingesting 705 price rows for symbol=SHRIRAMFIN (stock_id=96) from file=e:/smarket/data-ingestion/scripts/../data/stock_prices/shriramfin_historical_prices.json.
2025-01-15 11:22:42 | INFO | __main__ | Done ingesting price data for SHRIRAMFIN from file=e:/smarket/data-ingestion/scripts/../data/stock_prices/shriramfin_historical_prices.json.
2025-01-15 11:22:42 | INFO | __main__ | Ingesting 705 price rows for symbol=ICICIBANK (stock_id=71) from file=e:/smarket/data-ingestion/scripts/../data/stock_prices/icicibank_historical_prices.json.
2025-01-15 11:22:48 | INFO | __main__ | Done ingesting price data for ICICIBANK from file=e:/smarket/data-ingestion/scripts/../data/stock_prices/icicibank_historical_prices.json.
2025-01-15 11:22:48 | INFO | __main__ | DB ingestion complete.
