2025-01-15 17:41:38 | INFO | __main__ | Starting DB ingestion process...
2025-01-15 17:41:38 | INFO | __main__ | Ensured 'stocks' and 'stock_prices' tables and indexes exist.
2025-01-15 17:41:38 | INFO | __main__ | Found 100 records with priority=0 from E:\smarket\data-ingestion\data\indices\transformed_stock_list.json
2025-01-15 17:41:39 | INFO | __main__ | Done ingesting stocks into DB from E:\smarket\data-ingestion\data\indices\transformed_stock_list.json
2025-01-15 17:41:39 | INFO | __main__ | Ingesting 706 price rows for symbol=NTPC (stock_id=3) from file=e:/smarket/data-ingestion/scripts/../data/stock_prices/ntpc_historical_prices.json.
2025-01-15 17:41:44 | INFO | __main__ | Done ingesting price data for NTPC from file=e:/smarket/data-ingestion/scripts/../data/stock_prices/ntpc_historical_prices.json.
2025-01-15 17:41:44 | INFO | __main__ | Ingesting 286 price rows for symbol=ZOMATO (stock_id=5) from file=e:/smarket/data-ingestion/scripts/../data/stock_prices/zomato_historical_prices.json.
2025-01-15 17:41:46 | INFO | __main__ | Done ingesting price data for ZOMATO from file=e:/smarket/data-ingestion/scripts/../data/stock_prices/zomato_historical_prices.json.
2025-01-15 17:41:46 | INFO | __main__ | Ingesting 706 price rows for symbol=BHEL (stock_id=2) from file=e:/smarket/data-ingestion/scripts/../data/stock_prices/bhel_historical_prices.json.
2025-01-15 17:41:50 | INFO | __main__ | Done ingesting price data for BHEL from file=e:/smarket/data-ingestion/scripts/../data/stock_prices/bhel_historical_prices.json.
2025-01-15 17:41:50 | INFO | __main__ | Ingesting 496 price rows for symbol=ADANIGREEN (stock_id=4) from file=e:/smarket/data-ingestion/scripts/../data/stock_prices/adanigreen_historical_prices.json.
2025-01-15 17:41:54 | INFO | __main__ | Done ingesting price data for ADANIGREEN from file=e:/smarket/data-ingestion/scripts/../data/stock_prices/adanigreen_historical_prices.json.
2025-01-15 17:41:54 | INFO | __main__ | Ingesting 706 price rows for symbol=NHPC (stock_id=7) from file=e:/smarket/data-ingestion/scripts/../data/stock_prices/nhpc_historical_prices.json.
2025-01-15 17:42:00 | INFO | __main__ | Done ingesting price data for NHPC from file=e:/smarket/data-ingestion/scripts/../data/stock_prices/nhpc_historical_prices.json.
2025-01-15 17:42:00 | INFO | __main__ | Ingesting 706 price rows for symbol=JSWENERGY (stock_id=10) from file=e:/smarket/data-ingestion/scripts/../data/stock_prices/jswenergy_historical_prices.json.
2025-01-15 17:42:05 | INFO | __main__ | Done ingesting price data for JSWENERGY from file=e:/smarket/data-ingestion/scripts/../data/stock_prices/jswenergy_historical_prices.json.
2025-01-15 17:42:05 | INFO | __main__ | Ingesting 706 price rows for symbol=TATAPOWER (stock_id=9) from file=e:/smarket/data-ingestion/scripts/../data/stock_prices/tatapower_historical_prices.json.
2025-01-15 17:42:11 | INFO | __main__ | Done ingesting price data for TATAPOWER from file=e:/smarket/data-ingestion/scripts/../data/stock_prices/tatapower_historical_prices.json.
2025-01-15 17:42:11 | INFO | __main__ | Ingesting 706 price rows for symbol=MARUTI (stock_id=8) from file=e:/smarket/data-ingestion/scripts/../data/stock_prices/maruti_historical_prices.json.
2025-01-15 17:42:18 | INFO | __main__ | Done ingesting price data for MARUTI from file=e:/smarket/data-ingestion/scripts/../data/stock_prices/maruti_historical_prices.json.
2025-01-15 17:42:18 | INFO | __main__ | Ingesting 706 price rows for symbol=RECLTD (stock_id=15) from file=e:/smarket/data-ingestion/scripts/../data/stock_prices/recltd_historical_prices.json.
2025-01-15 17:42:24 | INFO | __main__ | Done ingesting price data for RECLTD from file=e:/smarket/data-ingestion/scripts/../data/stock_prices/recltd_historical_prices.json.
2025-01-15 17:42:24 | INFO | __main__ | Ingesting 706 price rows for symbol=BAJAJHLDNG (stock_id=14) from file=e:/smarket/data-ingestion/scripts/../data/stock_prices/bajajhldng_historical_prices.json.
2025-01-15 17:42:30 | INFO | __main__ | Done ingesting price data for BAJAJHLDNG from file=e:/smarket/data-ingestion/scripts/../data/stock_prices/bajajhldng_historical_prices.json.
2025-01-15 17:42:30 | INFO | __main__ | Ingesting 706 price rows for symbol=COALINDIA (stock_id=12) from file=e:/smarket/data-ingestion/scripts/../data/stock_prices/coalindia_historical_prices.json.
2025-01-15 17:42:36 | INFO | __main__ | Done ingesting price data for COALINDIA from file=e:/smarket/data-ingestion/scripts/../data/stock_prices/coalindia_historical_prices.json.
2025-01-15 17:42:36 | INFO | __main__ | Ingesting 706 price rows for symbol=UNIONBANK (stock_id=13) from file=e:/smarket/data-ingestion/scripts/../data/stock_prices/unionbank_historical_prices.json.
2025-01-15 17:42:41 | INFO | __main__ | Done ingesting price data for UNIONBANK from file=e:/smarket/data-ingestion/scripts/../data/stock_prices/unionbank_historical_prices.json.
2025-01-15 17:42:41 | INFO | __main__ | Ingesting 566 price rows for symbol=DMART (stock_id=17) from file=e:/smarket/data-ingestion/scripts/../data/stock_prices/dmart_historical_prices.json.
2025-01-15 17:42:46 | INFO | __main__ | Done ingesting price data for DMART from file=e:/smarket/data-ingestion/scripts/../data/stock_prices/dmart_historical_prices.json.
2025-01-15 17:42:46 | INFO | __main__ | Ingesting 706 price rows for symbol=AMBUJACEM (stock_id=20) from file=e:/smarket/data-ingestion/scripts/../data/stock_prices/ambujacem_historical_prices.json.
2025-01-15 17:42:53 | INFO | __main__ | Done ingesting price data for AMBUJACEM from file=e:/smarket/data-ingestion/scripts/../data/stock_prices/ambujacem_historical_prices.json.
2025-01-15 17:42:53 | INFO | __main__ | Ingesting 705 price rows for symbol=ADANIENSOL (stock_id=18) from file=e:/smarket/data-ingestion/scripts/../data/stock_prices/adaniensol_historical_prices.json.
2025-01-15 17:42:59 | INFO | __main__ | Done ingesting price data for ADANIENSOL from file=e:/smarket/data-ingestion/scripts/../data/stock_prices/adaniensol_historical_prices.json.
2025-01-15 17:42:59 | INFO | __main__ | Ingesting 706 price rows for symbol=CANBK (stock_id=19) from file=e:/smarket/data-ingestion/scripts/../data/stock_prices/canbk_historical_prices.json.
2025-01-15 17:43:05 | INFO | __main__ | Done ingesting price data for CANBK from file=e:/smarket/data-ingestion/scripts/../data/stock_prices/canbk_historical_prices.json.
2025-01-15 17:43:05 | INFO | __main__ | Ingesting 706 price rows for symbol=TECHM (stock_id=24) from file=e:/smarket/data-ingestion/scripts/../data/stock_prices/techm_historical_prices.json.
2025-01-15 17:43:12 | INFO | __main__ | Done ingesting price data for TECHM from file=e:/smarket/data-ingestion/scripts/../data/stock_prices/techm_historical_prices.json.
2025-01-15 17:43:12 | INFO | __main__ | Ingesting 708 price rows for symbol=SBIN (stock_id=25) from file=e:/smarket/data-ingestion/scripts/../data/stock_prices/sbin_historical_prices.json.
2025-01-15 17:43:17 | INFO | __main__ | Done ingesting price data for SBIN from file=e:/smarket/data-ingestion/scripts/../data/stock_prices/sbin_historical_prices.json.
2025-01-15 17:43:17 | INFO | __main__ | Ingesting 706 price rows for symbol=GAIL (stock_id=22) from file=e:/smarket/data-ingestion/scripts/../data/stock_prices/gail_historical_prices.json.
2025-01-15 17:43:24 | INFO | __main__ | Done ingesting price data for GAIL from file=e:/smarket/data-ingestion/scripts/../data/stock_prices/gail_historical_prices.json.
2025-01-15 17:43:24 | INFO | __main__ | Ingesting 706 price rows for symbol=IOC (stock_id=23) from file=e:/smarket/data-ingestion/scripts/../data/stock_prices/ioc_historical_prices.json.
2025-01-15 17:43:30 | INFO | __main__ | Done ingesting price data for IOC from file=e:/smarket/data-ingestion/scripts/../data/stock_prices/ioc_historical_prices.json.
2025-01-15 17:43:30 | INFO | __main__ | Ingesting 706 price rows for symbol=DLF (stock_id=29) from file=e:/smarket/data-ingestion/scripts/../data/stock_prices/dlf_historical_prices.json.
2025-01-15 17:43:36 | INFO | __main__ | Done ingesting price data for DLF from file=e:/smarket/data-ingestion/scripts/../data/stock_prices/dlf_historical_prices.json.
2025-01-15 17:43:36 | INFO | __main__ | Ingesting 706 price rows for symbol=ULTRACEMCO (stock_id=30) from file=e:/smarket/data-ingestion/scripts/../data/stock_prices/ultracemco_historical_prices.json.
2025-01-15 17:43:42 | INFO | __main__ | Done ingesting price data for ULTRACEMCO from file=e:/smarket/data-ingestion/scripts/../data/stock_prices/ultracemco_historical_prices.json.
2025-01-15 17:43:42 | INFO | __main__ | Ingesting 672 price rows for symbol=INDIGO (stock_id=27) from file=e:/smarket/data-ingestion/scripts/../data/stock_prices/indigo_historical_prices.json.
2025-01-15 17:43:47 | INFO | __main__ | Done ingesting price data for INDIGO from file=e:/smarket/data-ingestion/scripts/../data/stock_prices/indigo_historical_prices.json.
2025-01-15 17:43:47 | INFO | __main__ | Ingesting 706 price rows for symbol=ONGC (stock_id=28) from file=e:/smarket/data-ingestion/scripts/../data/stock_prices/ongc_historical_prices.json.
2025-01-15 17:43:53 | INFO | __main__ | Done ingesting price data for ONGC from file=e:/smarket/data-ingestion/scripts/../data/stock_prices/ongc_historical_prices.json.
2025-01-15 17:43:53 | INFO | __main__ | Ingesting 706 price rows for symbol=INFY (stock_id=35) from file=e:/smarket/data-ingestion/scripts/../data/stock_prices/infy_historical_prices.json.
2025-01-15 17:44:00 | INFO | __main__ | Done ingesting price data for INFY from file=e:/smarket/data-ingestion/scripts/../data/stock_prices/infy_historical_prices.json.
2025-01-15 17:44:00 | INFO | __main__ | Ingesting 705 price rows for symbol=ADANIPORTS (stock_id=32) from file=e:/smarket/data-ingestion/scripts/../data/stock_prices/adaniports_historical_prices.json.
2025-01-15 17:44:06 | INFO | __main__ | Done ingesting price data for ADANIPORTS from file=e:/smarket/data-ingestion/scripts/../data/stock_prices/adaniports_historical_prices.json.
2025-01-15 17:44:06 | INFO | __main__ | Ingesting 706 price rows for symbol=VEDL (stock_id=33) from file=e:/smarket/data-ingestion/scripts/../data/stock_prices/vedl_historical_prices.json.
2025-01-15 17:44:12 | INFO | __main__ | Done ingesting price data for VEDL from file=e:/smarket/data-ingestion/scripts/../data/stock_prices/vedl_historical_prices.json.
2025-01-15 17:44:12 | INFO | __main__ | Ingesting 706 price rows for symbol=HDFCBANK (stock_id=34) from file=e:/smarket/data-ingestion/scripts/../data/stock_prices/hdfcbank_historical_prices.json.
2025-01-15 17:44:18 | INFO | __main__ | Done ingesting price data for HDFCBANK from file=e:/smarket/data-ingestion/scripts/../data/stock_prices/hdfcbank_historical_prices.json.
2025-01-15 17:44:18 | INFO | __main__ | Ingesting 706 price rows for symbol=RELIANCE (stock_id=40) from file=e:/smarket/data-ingestion/scripts/../data/stock_prices/reliance_historical_prices.json.
2025-01-15 17:44:24 | INFO | __main__ | Done ingesting price data for RELIANCE from file=e:/smarket/data-ingestion/scripts/../data/stock_prices/reliance_historical_prices.json.
2025-01-15 17:44:24 | INFO | __main__ | Ingesting 706 price rows for symbol=SHREECEM (stock_id=39) from file=e:/smarket/data-ingestion/scripts/../data/stock_prices/shreecem_historical_prices.json.
2025-01-15 17:44:30 | INFO | __main__ | Done ingesting price data for SHREECEM from file=e:/smarket/data-ingestion/scripts/../data/stock_prices/shreecem_historical_prices.json.
2025-01-15 17:44:30 | INFO | __main__ | Ingesting 706 price rows for symbol=TRENT (stock_id=37) from file=e:/smarket/data-ingestion/scripts/../data/stock_prices/trent_historical_prices.json.
2025-01-15 17:44:36 | INFO | __main__ | Done ingesting price data for TRENT from file=e:/smarket/data-ingestion/scripts/../data/stock_prices/trent_historical_prices.json.
2025-01-15 17:44:37 | INFO | __main__ | Ingesting 496 price rows for symbol=HAL (stock_id=38) from file=e:/smarket/data-ingestion/scripts/../data/stock_prices/hal_historical_prices.json.
2025-01-15 17:44:41 | INFO | __main__ | Done ingesting price data for HAL from file=e:/smarket/data-ingestion/scripts/../data/stock_prices/hal_historical_prices.json.
2025-01-15 17:44:41 | INFO | __main__ | Ingesting 706 price rows for symbol=TATASTEEL (stock_id=44) from file=e:/smarket/data-ingestion/scripts/../data/stock_prices/tatasteel_historical_prices.json.
2025-01-15 17:44:47 | INFO | __main__ | Done ingesting price data for TATASTEEL from file=e:/smarket/data-ingestion/scripts/../data/stock_prices/tatasteel_historical_prices.json.
2025-01-15 17:44:47 | INFO | __main__ | Ingesting 706 price rows for symbol=PNB (stock_id=42) from file=e:/smarket/data-ingestion/scripts/../data/stock_prices/pnb_historical_prices.json.
2025-01-15 17:44:53 | INFO | __main__ | Done ingesting price data for PNB from file=e:/smarket/data-ingestion/scripts/../data/stock_prices/pnb_historical_prices.json.
2025-01-15 17:44:54 | INFO | __main__ | Ingesting 706 price rows for symbol=PIDILITIND (stock_id=43) from file=e:/smarket/data-ingestion/scripts/../data/stock_prices/pidilitind_historical_prices.json.
2025-01-15 17:44:59 | INFO | __main__ | Done ingesting price data for PIDILITIND from file=e:/smarket/data-ingestion/scripts/../data/stock_prices/pidilitind_historical_prices.json.
2025-01-15 17:44:59 | INFO | __main__ | Ingesting 413 price rows for symbol=IRCTC (stock_id=45) from file=e:/smarket/data-ingestion/scripts/../data/stock_prices/irctc_historical_prices.json.
2025-01-15 17:45:03 | INFO | __main__ | Done ingesting price data for IRCTC from file=e:/smarket/data-ingestion/scripts/../data/stock_prices/irctc_historical_prices.json.
2025-01-15 17:45:03 | INFO | __main__ | Ingesting 706 price rows for symbol=TVSMOTOR (stock_id=49) from file=e:/smarket/data-ingestion/scripts/../data/stock_prices/tvsmotor_historical_prices.json.
2025-01-15 17:45:10 | INFO | __main__ | Done ingesting price data for TVSMOTOR from file=e:/smarket/data-ingestion/scripts/../data/stock_prices/tvsmotor_historical_prices.json.
2025-01-15 17:45:10 | INFO | __main__ | Ingesting 706 price rows for symbol=GRASIM (stock_id=50) from file=e:/smarket/data-ingestion/scripts/../data/stock_prices/grasim_historical_prices.json.
2025-01-15 17:45:16 | INFO | __main__ | Done ingesting price data for GRASIM from file=e:/smarket/data-ingestion/scripts/../data/stock_prices/grasim_historical_prices.json.
2025-01-15 17:45:16 | INFO | __main__ | Ingesting 706 price rows for symbol=JSWSTEEL (stock_id=48) from file=e:/smarket/data-ingestion/scripts/../data/stock_prices/jswsteel_historical_prices.json.
2025-01-15 17:45:23 | INFO | __main__ | Done ingesting price data for JSWSTEEL from file=e:/smarket/data-ingestion/scripts/../data/stock_prices/jswsteel_historical_prices.json.
2025-01-15 17:45:23 | INFO | __main__ | Ingesting 706 price rows for symbol=ADANIENT (stock_id=47) from file=e:/smarket/data-ingestion/scripts/../data/stock_prices/adanient_historical_prices.json.
2025-01-15 17:45:29 | INFO | __main__ | Done ingesting price data for ADANIENT from file=e:/smarket/data-ingestion/scripts/../data/stock_prices/adanient_historical_prices.json.
2025-01-15 17:45:29 | INFO | __main__ | Ingesting 706 price rows for symbol=BHARTIARTL (stock_id=53) from file=e:/smarket/data-ingestion/scripts/../data/stock_prices/bhartiartl_historical_prices.json.
2025-01-15 17:45:35 | INFO | __main__ | Done ingesting price data for BHARTIARTL from file=e:/smarket/data-ingestion/scripts/../data/stock_prices/bhartiartl_historical_prices.json.
2025-01-15 17:45:35 | INFO | __main__ | Ingesting 706 price rows for symbol=SIEMENS (stock_id=54) from file=e:/smarket/data-ingestion/scripts/../data/stock_prices/siemens_historical_prices.json.
2025-01-15 17:45:41 | INFO | __main__ | Done ingesting price data for SIEMENS from file=e:/smarket/data-ingestion/scripts/../data/stock_prices/siemens_historical_prices.json.
2025-01-15 17:45:41 | INFO | __main__ | Ingesting 706 price rows for symbol=HEROMOTOCO (stock_id=55) from file=e:/smarket/data-ingestion/scripts/../data/stock_prices/heromotoco_historical_prices.json.
2025-01-15 17:45:48 | INFO | __main__ | Done ingesting price data for HEROMOTOCO from file=e:/smarket/data-ingestion/scripts/../data/stock_prices/heromotoco_historical_prices.json.
2025-01-15 17:45:48 | INFO | __main__ | Ingesting 706 price rows for symbol=HCLTECH (stock_id=52) from file=e:/smarket/data-ingestion/scripts/../data/stock_prices/hcltech_historical_prices.json.
2025-01-15 17:45:54 | INFO | __main__ | Done ingesting price data for HCLTECH from file=e:/smarket/data-ingestion/scripts/../data/stock_prices/hcltech_historical_prices.json.
2025-01-15 17:45:54 | INFO | __main__ | Ingesting 706 price rows for symbol=DABUR (stock_id=58) from file=e:/smarket/data-ingestion/scripts/../data/stock_prices/dabur_historical_prices.json.
2025-01-15 17:46:00 | INFO | __main__ | Done ingesting price data for DABUR from file=e:/smarket/data-ingestion/scripts/../data/stock_prices/dabur_historical_prices.json.
2025-01-15 17:46:00 | INFO | __main__ | Ingesting 706 price rows for symbol=BANKBARODA (stock_id=57) from file=e:/smarket/data-ingestion/scripts/../data/stock_prices/bankbaroda_historical_prices.json.
2025-01-15 17:46:06 | INFO | __main__ | Done ingesting price data for BANKBARODA from file=e:/smarket/data-ingestion/scripts/../data/stock_prices/bankbaroda_historical_prices.json.
2025-01-15 17:46:06 | INFO | __main__ | Ingesting 706 price rows for symbol=BAJAJ-AUTO (stock_id=60) from file=e:/smarket/data-ingestion/scripts/../data/stock_prices/bajaj-auto_historical_prices.json.
2025-01-15 17:46:12 | INFO | __main__ | Done ingesting price data for BAJAJ-AUTO from file=e:/smarket/data-ingestion/scripts/../data/stock_prices/bajaj-auto_historical_prices.json.
2025-01-15 17:46:12 | INFO | __main__ | Ingesting 706 price rows for symbol=BEL (stock_id=59) from file=e:/smarket/data-ingestion/scripts/../data/stock_prices/bel_historical_prices.json.
2025-01-15 17:46:18 | INFO | __main__ | Done ingesting price data for BEL from file=e:/smarket/data-ingestion/scripts/../data/stock_prices/bel_historical_prices.json.
2025-01-15 17:46:18 | INFO | __main__ | Ingesting 467 price rows for symbol=ATGL (stock_id=65) from file=e:/smarket/data-ingestion/scripts/../data/stock_prices/atgl_historical_prices.json.
2025-01-15 17:46:23 | INFO | __main__ | Done ingesting price data for ATGL from file=e:/smarket/data-ingestion/scripts/../data/stock_prices/atgl_historical_prices.json.
2025-01-15 17:46:23 | INFO | __main__ | Ingesting 216 price rows for symbol=LICI (stock_id=63) from file=e:/smarket/data-ingestion/scripts/../data/stock_prices/lici_historical_prices.json.
2025-01-15 17:46:25 | INFO | __main__ | Done ingesting price data for LICI from file=e:/smarket/data-ingestion/scripts/../data/stock_prices/lici_historical_prices.json.
2025-01-15 17:46:25 | INFO | __main__ | Ingesting 706 price rows for symbol=EICHERMOT (stock_id=62) from file=e:/smarket/data-ingestion/scripts/../data/stock_prices/eichermot_historical_prices.json.
2025-01-15 17:46:31 | INFO | __main__ | Done ingesting price data for EICHERMOT from file=e:/smarket/data-ingestion/scripts/../data/stock_prices/eichermot_historical_prices.json.
2025-01-15 17:46:31 | INFO | __main__ | Ingesting 636 price rows for symbol=LTIM (stock_id=64) from file=e:/smarket/data-ingestion/scripts/../data/stock_prices/ltim_historical_prices.json.
2025-01-15 17:46:36 | INFO | __main__ | Done ingesting price data for LTIM from file=e:/smarket/data-ingestion/scripts/../data/stock_prices/ltim_historical_prices.json.
2025-01-15 17:46:36 | INFO | __main__ | Ingesting 706 price rows for symbol=ABB (stock_id=68) from file=e:/smarket/data-ingestion/scripts/../data/stock_prices/abb_historical_prices.json.
2025-01-15 17:46:42 | INFO | __main__ | Done ingesting price data for ABB from file=e:/smarket/data-ingestion/scripts/../data/stock_prices/abb_historical_prices.json.
2025-01-15 17:46:42 | INFO | __main__ | Ingesting 706 price rows for symbol=JINDALSTEL (stock_id=70) from file=e:/smarket/data-ingestion/scripts/../data/stock_prices/jindalstel_historical_prices.json.
2025-01-15 17:46:48 | INFO | __main__ | Done ingesting price data for JINDALSTEL from file=e:/smarket/data-ingestion/scripts/../data/stock_prices/jindalstel_historical_prices.json.
2025-01-15 17:46:48 | INFO | __main__ | Ingesting 706 price rows for symbol=CIPLA (stock_id=69) from file=e:/smarket/data-ingestion/scripts/../data/stock_prices/cipla_historical_prices.json.
2025-01-15 17:46:54 | INFO | __main__ | Done ingesting price data for CIPLA from file=e:/smarket/data-ingestion/scripts/../data/stock_prices/cipla_historical_prices.json.
2025-01-15 17:46:54 | INFO | __main__ | Ingesting 706 price rows for symbol=TCS (stock_id=67) from file=e:/smarket/data-ingestion/scripts/../data/stock_prices/tcs_historical_prices.json.
2025-01-15 17:47:00 | INFO | __main__ | Done ingesting price data for TCS from file=e:/smarket/data-ingestion/scripts/../data/stock_prices/tcs_historical_prices.json.
2025-01-15 17:47:00 | INFO | __main__ | Ingesting 706 price rows for symbol=HAVELLS (stock_id=73) from file=e:/smarket/data-ingestion/scripts/../data/stock_prices/havells_historical_prices.json.
2025-01-15 17:47:06 | INFO | __main__ | Done ingesting price data for HAVELLS from file=e:/smarket/data-ingestion/scripts/../data/stock_prices/havells_historical_prices.json.
2025-01-15 17:47:06 | INFO | __main__ | Ingesting 706 price rows for symbol=NAUKRI (stock_id=74) from file=e:/smarket/data-ingestion/scripts/../data/stock_prices/naukri_historical_prices.json.
2025-01-15 17:47:12 | INFO | __main__ | Done ingesting price data for NAUKRI from file=e:/smarket/data-ingestion/scripts/../data/stock_prices/naukri_historical_prices.json.
2025-01-15 17:47:12 | INFO | __main__ | Ingesting 706 price rows for symbol=CHOLAFIN (stock_id=75) from file=e:/smarket/data-ingestion/scripts/../data/stock_prices/cholafin_historical_prices.json.
2025-01-15 17:47:18 | INFO | __main__ | Done ingesting price data for CHOLAFIN from file=e:/smarket/data-ingestion/scripts/../data/stock_prices/cholafin_historical_prices.json.
2025-01-15 17:47:18 | INFO | __main__ | Ingesting 706 price rows for symbol=BOSCHLTD (stock_id=72) from file=e:/smarket/data-ingestion/scripts/../data/stock_prices/boschltd_historical_prices.json.
2025-01-15 17:47:24 | INFO | __main__ | Done ingesting price data for BOSCHLTD from file=e:/smarket/data-ingestion/scripts/../data/stock_prices/boschltd_historical_prices.json.
2025-01-15 17:47:25 | INFO | __main__ | Ingesting 706 price rows for symbol=ASIANPAINT (stock_id=80) from file=e:/smarket/data-ingestion/scripts/../data/stock_prices/asianpaint_historical_prices.json.
2025-01-15 17:47:31 | INFO | __main__ | Done ingesting price data for ASIANPAINT from file=e:/smarket/data-ingestion/scripts/../data/stock_prices/asianpaint_historical_prices.json.
2025-01-15 17:47:31 | INFO | __main__ | Ingesting 706 price rows for symbol=SUNPHARMA (stock_id=78) from file=e:/smarket/data-ingestion/scripts/../data/stock_prices/sunpharma_historical_prices.json.
2025-01-15 17:47:37 | INFO | __main__ | Done ingesting price data for SUNPHARMA from file=e:/smarket/data-ingestion/scripts/../data/stock_prices/sunpharma_historical_prices.json.
2025-01-15 17:47:37 | INFO | __main__ | Ingesting 563 price rows for symbol=ICICIGI (stock_id=79) from file=e:/smarket/data-ingestion/scripts/../data/stock_prices/icicigi_historical_prices.json.
2025-01-15 17:47:42 | INFO | __main__ | Done ingesting price data for ICICIGI from file=e:/smarket/data-ingestion/scripts/../data/stock_prices/icicigi_historical_prices.json.
2025-01-15 17:47:42 | INFO | __main__ | Ingesting 604 price rows for symbol=VBL (stock_id=77) from file=e:/smarket/data-ingestion/scripts/../data/stock_prices/vbl_historical_prices.json.
2025-01-15 17:47:47 | INFO | __main__ | Done ingesting price data for VBL from file=e:/smarket/data-ingestion/scripts/../data/stock_prices/vbl_historical_prices.json.
2025-01-15 17:47:47 | INFO | __main__ | Ingesting 630 price rows for symbol=ICICIPRULI (stock_id=85) from file=e:/smarket/data-ingestion/scripts/../data/stock_prices/icicipruli_historical_prices.json.
2025-01-15 17:47:52 | INFO | __main__ | Done ingesting price data for ICICIPRULI from file=e:/smarket/data-ingestion/scripts/../data/stock_prices/icicipruli_historical_prices.json.
2025-01-15 17:47:52 | INFO | __main__ | Ingesting 706 price rows for symbol=GODREJCP (stock_id=83) from file=e:/smarket/data-ingestion/scripts/../data/stock_prices/godrejcp_historical_prices.json.
2025-01-15 17:47:58 | INFO | __main__ | Done ingesting price data for GODREJCP from file=e:/smarket/data-ingestion/scripts/../data/stock_prices/godrejcp_historical_prices.json.
2025-01-15 17:47:58 | INFO | __main__ | Ingesting 286 price rows for symbol=LODHA (stock_id=84) from file=e:/smarket/data-ingestion/scripts/../data/stock_prices/lodha_historical_prices.json.
2025-01-15 17:48:01 | INFO | __main__ | Done ingesting price data for LODHA from file=e:/smarket/data-ingestion/scripts/../data/stock_prices/lodha_historical_prices.json.
2025-01-15 17:48:01 | INFO | __main__ | Ingesting 706 price rows for symbol=TITAN (stock_id=82) from file=e:/smarket/data-ingestion/scripts/../data/stock_prices/titan_historical_prices.json.
2025-01-15 17:48:07 | INFO | __main__ | Done ingesting price data for TITAN from file=e:/smarket/data-ingestion/scripts/../data/stock_prices/titan_historical_prices.json.
2025-01-15 17:48:07 | INFO | __main__ | Ingesting 706 price rows for symbol=TORNTPHARM (stock_id=90) from file=e:/smarket/data-ingestion/scripts/../data/stock_prices/torntpharm_historical_prices.json.
2025-01-15 17:48:13 | INFO | __main__ | Done ingesting price data for TORNTPHARM from file=e:/smarket/data-ingestion/scripts/../data/stock_prices/torntpharm_historical_prices.json.
2025-01-15 17:48:13 | INFO | __main__ | Ingesting 706 price rows for symbol=BRITANNIA (stock_id=89) from file=e:/smarket/data-ingestion/scripts/../data/stock_prices/britannia_historical_prices.json.
2025-01-15 17:48:19 | INFO | __main__ | Done ingesting price data for BRITANNIA from file=e:/smarket/data-ingestion/scripts/../data/stock_prices/britannia_historical_prices.json.
2025-01-15 17:48:19 | INFO | __main__ | Ingesting 705 price rows for symbol=M&M (stock_id=88) from file=e:/smarket/data-ingestion/scripts/../data/stock_prices/m&m_historical_prices.json.
2025-01-15 17:48:25 | INFO | __main__ | Done ingesting price data for M&M from file=e:/smarket/data-ingestion/scripts/../data/stock_prices/m&m_historical_prices.json.
2025-01-15 17:48:25 | INFO | __main__ | Ingesting 706 price rows for symbol=UNITDSPR (stock_id=87) from file=e:/smarket/data-ingestion/scripts/../data/stock_prices/unitdspr_historical_prices.json.
2025-01-15 17:48:30 | INFO | __main__ | Done ingesting price data for UNITDSPR from file=e:/smarket/data-ingestion/scripts/../data/stock_prices/unitdspr_historical_prices.json.
2025-01-15 17:48:30 | INFO | __main__ | Ingesting 706 price rows for symbol=TATACONSUM (stock_id=93) from file=e:/smarket/data-ingestion/scripts/../data/stock_prices/tataconsum_historical_prices.json.
2025-01-15 17:48:37 | INFO | __main__ | Done ingesting price data for TATACONSUM from file=e:/smarket/data-ingestion/scripts/../data/stock_prices/tataconsum_historical_prices.json.
2025-01-15 17:48:37 | INFO | __main__ | Ingesting 706 price rows for symbol=AXISBANK (stock_id=95) from file=e:/smarket/data-ingestion/scripts/../data/stock_prices/axisbank_historical_prices.json.
2025-01-15 17:48:43 | INFO | __main__ | Done ingesting price data for AXISBANK from file=e:/smarket/data-ingestion/scripts/../data/stock_prices/axisbank_historical_prices.json.
2025-01-15 17:48:43 | INFO | __main__ | Ingesting 560 price rows for symbol=SBILIFE (stock_id=92) from file=e:/smarket/data-ingestion/scripts/../data/stock_prices/sbilife_historical_prices.json.
2025-01-15 17:48:47 | INFO | __main__ | Done ingesting price data for SBILIFE from file=e:/smarket/data-ingestion/scripts/../data/stock_prices/sbilife_historical_prices.json.
2025-01-15 17:48:47 | INFO | __main__ | Ingesting 706 price rows for symbol=NESTLEIND (stock_id=94) from file=e:/smarket/data-ingestion/scripts/../data/stock_prices/nestleind_historical_prices.json.
2025-01-15 17:48:53 | INFO | __main__ | Done ingesting price data for NESTLEIND from file=e:/smarket/data-ingestion/scripts/../data/stock_prices/nestleind_historical_prices.json.
2025-01-15 17:48:53 | INFO | __main__ | Ingesting 706 price rows for symbol=BAJFINANCE (stock_id=99) from file=e:/smarket/data-ingestion/scripts/../data/stock_prices/bajfinance_historical_prices.json.
2025-01-15 17:48:59 | INFO | __main__ | Done ingesting price data for BAJFINANCE from file=e:/smarket/data-ingestion/scripts/../data/stock_prices/bajfinance_historical_prices.json.
2025-01-15 17:48:59 | INFO | __main__ | Ingesting 528 price rows for symbol=HDFCLIFE (stock_id=97) from file=e:/smarket/data-ingestion/scripts/../data/stock_prices/hdfclife_historical_prices.json.
2025-01-15 17:49:03 | INFO | __main__ | Done ingesting price data for HDFCLIFE from file=e:/smarket/data-ingestion/scripts/../data/stock_prices/hdfclife_historical_prices.json.
2025-01-15 17:49:03 | INFO | __main__ | Ingesting 705 price rows for symbol=DIVISLAB (stock_id=98) from file=e:/smarket/data-ingestion/scripts/../data/stock_prices/divislab_historical_prices.json.
2025-01-15 17:49:10 | INFO | __main__ | Done ingesting price data for DIVISLAB from file=e:/smarket/data-ingestion/scripts/../data/stock_prices/divislab_historical_prices.json.
2025-01-15 17:49:10 | INFO | __main__ | Ingesting 706 price rows for symbol=ADANIPOWER (stock_id=11) from file=e:/smarket/data-ingestion/scripts/../data/stock_prices/adanipower_historical_prices.json.
2025-01-15 17:49:16 | INFO | __main__ | Done ingesting price data for ADANIPOWER from file=e:/smarket/data-ingestion/scripts/../data/stock_prices/adanipower_historical_prices.json.
2025-01-15 17:49:16 | INFO | __main__ | Ingesting 706 price rows for symbol=PFC (stock_id=6) from file=e:/smarket/data-ingestion/scripts/../data/stock_prices/pfc_historical_prices.json.
2025-01-15 17:49:22 | INFO | __main__ | Done ingesting price data for PFC from file=e:/smarket/data-ingestion/scripts/../data/stock_prices/pfc_historical_prices.json.
2025-01-15 17:49:22 | INFO | __main__ | Ingesting 706 price rows for symbol=KOTAKBANK (stock_id=16) from file=e:/smarket/data-ingestion/scripts/../data/stock_prices/kotakbank_historical_prices.json.
2025-01-15 17:49:28 | INFO | __main__ | Done ingesting price data for KOTAKBANK from file=e:/smarket/data-ingestion/scripts/../data/stock_prices/kotakbank_historical_prices.json.
2025-01-15 17:49:28 | INFO | __main__ | Ingesting 708 price rows for symbol=POWERGRID (stock_id=1) from file=e:/smarket/data-ingestion/scripts/../data/stock_prices/powergrid_historical_prices.json.
2025-01-15 17:49:34 | INFO | __main__ | Done ingesting price data for POWERGRID from file=e:/smarket/data-ingestion/scripts/../data/stock_prices/powergrid_historical_prices.json.
2025-01-15 17:49:34 | INFO | __main__ | Ingesting 706 price rows for symbol=IRFC (stock_id=31) from file=e:/smarket/data-ingestion/scripts/../data/stock_prices/irfc_historical_prices.json.
2025-01-15 17:49:39 | INFO | __main__ | Done ingesting price data for IRFC from file=e:/smarket/data-ingestion/scripts/../data/stock_prices/irfc_historical_prices.json.
2025-01-15 17:49:39 | INFO | __main__ | Ingesting 706 price rows for symbol=LT (stock_id=26) from file=e:/smarket/data-ingestion/scripts/../data/stock_prices/lt_historical_prices.json.
2025-01-15 17:49:46 | INFO | __main__ | Done ingesting price data for LT from file=e:/smarket/data-ingestion/scripts/../data/stock_prices/lt_historical_prices.json.
2025-01-15 17:49:46 | INFO | __main__ | Ingesting 706 price rows for symbol=BPCL (stock_id=36) from file=e:/smarket/data-ingestion/scripts/../data/stock_prices/bpcl_historical_prices.json.
2025-01-15 17:49:52 | INFO | __main__ | Done ingesting price data for BPCL from file=e:/smarket/data-ingestion/scripts/../data/stock_prices/bpcl_historical_prices.json.
2025-01-15 17:49:52 | INFO | __main__ | Ingesting 146 price rows for symbol=JIOFIN (stock_id=41) from file=e:/smarket/data-ingestion/scripts/../data/stock_prices/jiofin_historical_prices.json.
2025-01-15 17:49:53 | INFO | __main__ | Done ingesting price data for JIOFIN from file=e:/smarket/data-ingestion/scripts/../data/stock_prices/jiofin_historical_prices.json.
2025-01-15 17:49:53 | INFO | __main__ | Ingesting 706 price rows for symbol=ITC (stock_id=56) from file=e:/smarket/data-ingestion/scripts/../data/stock_prices/itc_historical_prices.json.
2025-01-15 17:50:00 | INFO | __main__ | Done ingesting price data for ITC from file=e:/smarket/data-ingestion/scripts/../data/stock_prices/itc_historical_prices.json.
2025-01-15 17:50:00 | INFO | __main__ | Ingesting 706 price rows for symbol=WIPRO (stock_id=61) from file=e:/smarket/data-ingestion/scripts/../data/stock_prices/wipro_historical_prices.json.
2025-01-15 17:50:05 | INFO | __main__ | Done ingesting price data for WIPRO from file=e:/smarket/data-ingestion/scripts/../data/stock_prices/wipro_historical_prices.json.
2025-01-15 17:50:06 | INFO | __main__ | Ingesting 706 price rows for symbol=HINDALCO (stock_id=51) from file=e:/smarket/data-ingestion/scripts/../data/stock_prices/hindalco_historical_prices.json.
2025-01-15 17:50:11 | INFO | __main__ | Done ingesting price data for HINDALCO from file=e:/smarket/data-ingestion/scripts/../data/stock_prices/hindalco_historical_prices.json.
2025-01-15 17:50:11 | INFO | __main__ | Ingesting 706 price rows for symbol=APOLLOHOSP (stock_id=66) from file=e:/smarket/data-ingestion/scripts/../data/stock_prices/apollohosp_historical_prices.json.
2025-01-15 17:50:18 | INFO | __main__ | Done ingesting price data for APOLLOHOSP from file=e:/smarket/data-ingestion/scripts/../data/stock_prices/apollohosp_historical_prices.json.
2025-01-15 17:50:18 | INFO | __main__ | Ingesting 706 price rows for symbol=TATAMOTORS (stock_id=81) from file=e:/smarket/data-ingestion/scripts/../data/stock_prices/tatamotors_historical_prices.json.
2025-01-15 17:50:24 | INFO | __main__ | Done ingesting price data for TATAMOTORS from file=e:/smarket/data-ingestion/scripts/../data/stock_prices/tatamotors_historical_prices.json.
2025-01-15 17:50:24 | INFO | __main__ | Ingesting 706 price rows for symbol=ZYDUSLIFE (stock_id=86) from file=e:/smarket/data-ingestion/scripts/../data/stock_prices/zyduslife_historical_prices.json.
2025-01-15 17:50:30 | INFO | __main__ | Done ingesting price data for ZYDUSLIFE from file=e:/smarket/data-ingestion/scripts/../data/stock_prices/zyduslife_historical_prices.json.
2025-01-15 17:50:30 | INFO | __main__ | Ingesting 706 price rows for symbol=HINDUNILVR (stock_id=76) from file=e:/smarket/data-ingestion/scripts/../data/stock_prices/hindunilvr_historical_prices.json.
2025-01-15 17:50:36 | INFO | __main__ | Done ingesting price data for HINDUNILVR from file=e:/smarket/data-ingestion/scripts/../data/stock_prices/hindunilvr_historical_prices.json.
2025-01-15 17:50:36 | INFO | __main__ | Ingesting 706 price rows for symbol=DRREDDY (stock_id=91) from file=e:/smarket/data-ingestion/scripts/../data/stock_prices/drreddy_historical_prices.json.
2025-01-15 17:50:41 | INFO | __main__ | Done ingesting price data for DRREDDY from file=e:/smarket/data-ingestion/scripts/../data/stock_prices/drreddy_historical_prices.json.
2025-01-15 17:50:41 | INFO | __main__ | Ingesting 706 price rows for symbol=BAJAJFINSV (stock_id=100) from file=e:/smarket/data-ingestion/scripts/../data/stock_prices/bajajfinsv_historical_prices.json.
2025-01-15 17:50:47 | INFO | __main__ | Done ingesting price data for BAJAJFINSV from file=e:/smarket/data-ingestion/scripts/../data/stock_prices/bajajfinsv_historical_prices.json.
2025-01-15 17:50:47 | INFO | __main__ | Ingesting 706 price rows for symbol=MOTHERSON (stock_id=21) from file=e:/smarket/data-ingestion/scripts/../data/stock_prices/motherson_historical_prices.json.
2025-01-15 17:50:54 | INFO | __main__ | Done ingesting price data for MOTHERSON from file=e:/smarket/data-ingestion/scripts/../data/stock_prices/motherson_historical_prices.json.
2025-01-15 17:50:54 | INFO | __main__ | Ingesting 706 price rows for symbol=INDUSINDBK (stock_id=46) from file=e:/smarket/data-ingestion/scripts/../data/stock_prices/indusindbk_historical_prices.json.
2025-01-15 17:51:00 | INFO | __main__ | Done ingesting price data for INDUSINDBK from file=e:/smarket/data-ingestion/scripts/../data/stock_prices/indusindbk_historical_prices.json.
2025-01-15 17:51:00 | INFO | __main__ | Ingesting 706 price rows for symbol=SHRIRAMFIN (stock_id=96) from file=e:/smarket/data-ingestion/scripts/../data/stock_prices/shriramfin_historical_prices.json.
2025-01-15 17:51:06 | INFO | __main__ | Done ingesting price data for SHRIRAMFIN from file=e:/smarket/data-ingestion/scripts/../data/stock_prices/shriramfin_historical_prices.json.
2025-01-15 17:51:06 | INFO | __main__ | Ingesting 706 price rows for symbol=ICICIBANK (stock_id=71) from file=e:/smarket/data-ingestion/scripts/../data/stock_prices/icicibank_historical_prices.json.
2025-01-15 17:51:12 | INFO | __main__ | Done ingesting price data for ICICIBANK from file=e:/smarket/data-ingestion/scripts/../data/stock_prices/icicibank_historical_prices.json.
